<?xml version="1.0" encoding="UTF-8"?>
<testsuite name="nl.tudelft.sem.template.product.simpleClasses.PriceTest" tests="2" skipped="0" failures="0" errors="0" timestamp="2022-12-21T15:09:25" hostname="CODEKILLER" time="0.002">
  <properties/>
  <testcase name="testToString()" classname="nl.tudelft.sem.template.product.simpleClasses.PriceTest" time="0.0"/>
  <testcase name="getValue()" classname="nl.tudelft.sem.template.product.simpleClasses.PriceTest" time="0.001"/>
  <system-out><![CDATA[]]></system-out>
  <system-err><![CDATA[]]></system-err>
</testsuite>
