<?xml version="1.0" encoding="UTF-8"?>
<testsuite name="nl.tudelft.sem.template.product.authentication.JwtAuthenticationEntryPointTests" tests="1" skipped="0" failures="0" errors="0" timestamp="2022-12-21T15:09:16" hostname="CODEKILLER" time="0.434">
  <properties/>
  <testcase name="commenceTest()" classname="nl.tudelft.sem.template.product.authentication.JwtAuthenticationEntryPointTests" time="0.434"/>
  <system-out><![CDATA[]]></system-out>
  <system-err><![CDATA[]]></system-err>
</testsuite>
