<?xml version="1.0" encoding="UTF-8"?>
<testsuite name="nl.tudelft.sem.template.product.authentication.JwtRequestFilterTests" tests="8" skipped="0" failures="0" errors="0" timestamp="2022-12-21T15:09:17" hostname="CODEKILLER" time="0.113">
  <properties/>
  <testcase name="correctToken()" classname="nl.tudelft.sem.template.product.authentication.JwtRequestFilterTests" time="0.065"/>
  <testcase name="invalidPrefix()" classname="nl.tudelft.sem.template.product.authentication.JwtRequestFilterTests" time="0.002"/>
  <testcase name="[1] throwable=class io.jsonwebtoken.ExpiredJwtException" classname="nl.tudelft.sem.template.product.authentication.JwtRequestFilterTests" time="0.016"/>
  <testcase name="[2] throwable=class java.lang.IllegalArgumentException" classname="nl.tudelft.sem.template.product.authentication.JwtRequestFilterTests" time="0.003"/>
  <testcase name="[3] throwable=class io.jsonwebtoken.JwtException" classname="nl.tudelft.sem.template.product.authentication.JwtRequestFilterTests" time="0.003"/>
  <testcase name="invalidToken()" classname="nl.tudelft.sem.template.product.authentication.JwtRequestFilterTests" time="0.002"/>
  <testcase name="noPrefix()" classname="nl.tudelft.sem.template.product.authentication.JwtRequestFilterTests" time="0.002"/>
  <testcase name="nullToken()" classname="nl.tudelft.sem.template.product.authentication.JwtRequestFilterTests" time="0.001"/>
  <system-out><![CDATA[]]></system-out>
  <system-err><![CDATA[Invalid authorization header
Invalid authorization header
JWT token has expired.
Invalid authorization header
Unable to parse JWT token
Invalid authorization header
Unable to parse JWT token
Invalid authorization header
Invalid authorization header
Invalid authorization header
]]></system-err>
</testsuite>
