<?xml version="1.0" encoding="UTF-8"?>
<testsuite name="nl.tudelft.sem.template.product.authentication.JwtTokenVerifierTests" tests="5" skipped="0" failures="0" errors="0" timestamp="2022-12-21T15:09:17" hostname="CODEKILLER" time="0.202">
  <properties/>
  <testcase name="validateExpiredToken()" classname="nl.tudelft.sem.template.product.authentication.JwtTokenVerifierTests" time="0.194"/>
  <testcase name="parseEmail()" classname="nl.tudelft.sem.template.product.authentication.JwtTokenVerifierTests" time="0.002"/>
  <testcase name="validateTokenIncorrectSignature()" classname="nl.tudelft.sem.template.product.authentication.JwtTokenVerifierTests" time="0.002"/>
  <testcase name="validateNonExpiredToken()" classname="nl.tudelft.sem.template.product.authentication.JwtTokenVerifierTests" time="0.002"/>
  <testcase name="validateMalformedToken()" classname="nl.tudelft.sem.template.product.authentication.JwtTokenVerifierTests" time="0.0"/>
  <system-out><![CDATA[]]></system-out>
  <system-err><![CDATA[]]></system-err>
</testsuite>
