<?xml version="1.0" encoding="UTF-8"?>
<testsuite name="nl.tudelft.sem.template.authentication.authentication.JwtRequestFilterTests" tests="4" skipped="0" failures="0" errors="0" timestamp="2023-01-23T14:05:04" hostname="CODEKILLER" time="0.084">
  <properties/>
  <testcase name="testValidateTokenThrowsCantParse()" classname="nl.tudelft.sem.template.authentication.authentication.JwtRequestFilterTests" time="0.071"/>
  <testcase name="testValidateTokenCorrect()" classname="nl.tudelft.sem.template.authentication.authentication.JwtRequestFilterTests" time="0.005"/>
  <testcase name="testValidateTokenThrowsExpired()" classname="nl.tudelft.sem.template.authentication.authentication.JwtRequestFilterTests" time="0.004"/>
  <testcase name="testInvalidAuthHeader()" classname="nl.tudelft.sem.template.authentication.authentication.JwtRequestFilterTests" time="0.001"/>
  <system-out><![CDATA[]]></system-out>
  <system-err><![CDATA[]]></system-err>
</testsuite>
