<?xml version="1.0" encoding="UTF-8"?>
<testsuite name="nl.tudelft.sem.template.authentication.domain.user.StoreOwnerRoleTests" tests="3" skipped="0" failures="0" errors="0" timestamp="2023-01-23T14:05:13" hostname="CODEKILLER" time="0.003">
  <properties/>
  <testcase name="storeOwnerGetStoreIdCorrect()" classname="nl.tudelft.sem.template.authentication.domain.user.StoreOwnerRoleTests" time="0.001"/>
  <testcase name="storeOwnerGetStoreNotStoreOwnerRole()" classname="nl.tudelft.sem.template.authentication.domain.user.StoreOwnerRoleTests" time="0.001"/>
  <testcase name="storeOwnerGetStoreIdEmpty()" classname="nl.tudelft.sem.template.authentication.domain.user.StoreOwnerRoleTests" time="0.001"/>
  <system-out><![CDATA[]]></system-out>
  <system-err><![CDATA[]]></system-err>
</testsuite>
