<?xml version="1.0" encoding="UTF-8"?>
<testsuite name="nl.tudelft.sem.template.authentication.authentication.CredentialsTests" tests="2" skipped="0" failures="0" errors="0" timestamp="2023-01-23T14:05:03" hostname="CODEKILLER" time="0.001">
  <properties/>
  <testcase name="testCredentialsConstructorFull()" classname="nl.tudelft.sem.template.authentication.authentication.CredentialsTests" time="0.0"/>
  <testcase name="testCredentialsConstructorNull()" classname="nl.tudelft.sem.template.authentication.authentication.CredentialsTests" time="0.001"/>
  <system-out><![CDATA[]]></system-out>
  <system-err><![CDATA[]]></system-err>
</testsuite>
