<?xml version="1.0" encoding="UTF-8"?>
<testsuite name="nl.tudelft.sem.template.authentication.authentication.JwtAuthenticationEntryPointTests" tests="2" skipped="0" failures="0" errors="0" timestamp="2023-01-23T14:05:03" hostname="CODEKILLER" time="0.506">
  <properties/>
  <testcase name="testCommenceIOException()" classname="nl.tudelft.sem.template.authentication.authentication.JwtAuthenticationEntryPointTests" time="0.497"/>
  <testcase name="testCommenceNoError()" classname="nl.tudelft.sem.template.authentication.authentication.JwtAuthenticationEntryPointTests" time="0.009"/>
  <system-out><![CDATA[]]></system-out>
  <system-err><![CDATA[]]></system-err>
</testsuite>
