<?xml version="1.0" encoding="UTF-8"?>
<testsuite name="nl.tudelft.sem.template.authentication.domain.user.UserRoleTests" tests="4" skipped="0" failures="0" errors="0" timestamp="2023-01-23T14:05:13" hostname="CODEKILLER" time="0.004">
  <properties/>
  <testcase name="userAddAllergenUserExists()" classname="nl.tudelft.sem.template.authentication.domain.user.UserRoleTests" time="0.001"/>
  <testcase name="userAddAllergenEmpty()" classname="nl.tudelft.sem.template.authentication.domain.user.UserRoleTests" time="0.0"/>
  <testcase name="userRemoveAllergenUserExists()" classname="nl.tudelft.sem.template.authentication.domain.user.UserRoleTests" time="0.001"/>
  <testcase name="userRemoveAllergenEmpty()" classname="nl.tudelft.sem.template.authentication.domain.user.UserRoleTests" time="0.001"/>
  <system-out><![CDATA[]]></system-out>
  <system-err><![CDATA[]]></system-err>
</testsuite>
