<?xml version="1.0" encoding="UTF-8"?>
<testsuite name="nl.tudelft.sem.template.menu.authentication.JwtAuthenticationEntryPointTests" tests="1" skipped="0" failures="0" errors="0" timestamp="2023-01-23T14:05:29" hostname="CODEKILLER" time="0.492">
  <properties/>
  <testcase name="commenceTest()" classname="nl.tudelft.sem.template.menu.authentication.JwtAuthenticationEntryPointTests" time="0.492"/>
  <system-out><![CDATA[]]></system-out>
  <system-err><![CDATA[]]></system-err>
</testsuite>
