<?xml version="1.0" encoding="UTF-8"?>
<testsuite name="nl.tudelft.sem.template.menu.integration.ToppingControllerTest" tests="4" skipped="0" failures="0" errors="0" timestamp="2023-01-23T14:05:35" hostname="CODEKILLER" time="0.042">
  <properties/>
  <testcase name="verifyToppings2()" classname="nl.tudelft.sem.template.menu.integration.ToppingControllerTest" time="0.017"/>
  <testcase name="verifyTopppings()" classname="nl.tudelft.sem.template.menu.integration.ToppingControllerTest" time="0.005"/>
  <testcase name="listAllToppings()" classname="nl.tudelft.sem.template.menu.integration.ToppingControllerTest" time="0.009"/>
  <testcase name="listAllToppingNames()" classname="nl.tudelft.sem.template.menu.integration.ToppingControllerTest" time="0.008"/>
  <system-out><![CDATA[2023-01-23 15:05:35.186  INFO 30412 --- [    Test worker] .b.t.c.SpringBootTestContextBootstrapper : Neither @ContextConfiguration nor @ContextHierarchy found for test class [nl.tudelft.sem.template.menu.integration.ToppingControllerTest], using SpringBootContextLoader
2023-01-23 15:05:35.187  INFO 30412 --- [    Test worker] o.s.t.c.support.AbstractContextLoader    : Could not detect default resource locations for test class [nl.tudelft.sem.template.menu.integration.ToppingControllerTest]: no resource found for suffixes {-context.xml, Context.groovy}.
2023-01-23 15:05:35.187  INFO 30412 --- [    Test worker] t.c.s.AnnotationConfigContextLoaderUtils : Could not detect default configuration classes for test class [nl.tudelft.sem.template.menu.integration.ToppingControllerTest]: ToppingControllerTest does not declare any static, non-private, non-final, nested classes annotated with @Configuration.
2023-01-23 15:05:35.190  INFO 30412 --- [    Test worker] .b.t.c.SpringBootTestContextBootstrapper : Found @SpringBootConfiguration nl.tudelft.sem.template.menu.Application for test class nl.tudelft.sem.template.menu.integration.ToppingControllerTest
2023-01-23 15:05:35.192  INFO 30412 --- [    Test worker] .b.t.c.SpringBootTestContextBootstrapper : Loaded default TestExecutionListener class names from location [META-INF/spring.factories]: [org.springframework.boot.test.autoconfigure.restdocs.RestDocsTestExecutionListener, org.springframework.boot.test.autoconfigure.web.client.MockRestServiceServerResetTestExecutionListener, org.springframework.boot.test.autoconfigure.web.servlet.MockMvcPrintOnlyOnFailureTestExecutionListener, org.springframework.boot.test.autoconfigure.web.servlet.WebDriverTestExecutionListener, org.springframework.boot.test.autoconfigure.webservices.client.MockWebServiceServerTestExecutionListener, org.springframework.boot.test.mock.mockito.MockitoTestExecutionListener, org.springframework.boot.test.mock.mockito.ResetMocksTestExecutionListener, org.springframework.test.context.web.ServletTestExecutionListener, org.springframework.test.context.support.DirtiesContextBeforeModesTestExecutionListener, org.springframework.test.context.support.DependencyInjectionTestExecutionListener, org.springframework.test.context.support.DirtiesContextTestExecutionListener, org.springframework.test.context.transaction.TransactionalTestExecutionListener, org.springframework.test.context.jdbc.SqlScriptsTestExecutionListener, org.springframework.test.context.event.EventPublishingTestExecutionListener]
2023-01-23 15:05:35.193  INFO 30412 --- [    Test worker] .b.t.c.SpringBootTestContextBootstrapper : Using TestExecutionListeners: [org.springframework.test.context.web.ServletTestExecutionListener@2f7e2481, org.springframework.test.context.support.DirtiesContextBeforeModesTestExecutionListener@5f745970, org.springframework.boot.test.mock.mockito.MockitoTestExecutionListener@57cd77e1, org.springframework.boot.test.autoconfigure.SpringBootDependencyInjectionTestExecutionListener@35f59dfe, org.springframework.test.context.support.DirtiesContextTestExecutionListener@6b71fded, org.springframework.test.context.transaction.TransactionalTestExecutionListener@1633962a, org.springframework.test.context.jdbc.SqlScriptsTestExecutionListener@2afd8972, org.springframework.test.context.event.EventPublishingTestExecutionListener@33fefbbe, org.springframework.boot.test.autoconfigure.restdocs.RestDocsTestExecutionListener@5784f6b9, org.springframework.boot.test.autoconfigure.web.client.MockRestServiceServerResetTestExecutionListener@5d0ca8a5, org.springframework.boot.test.autoconfigure.web.servlet.MockMvcPrintOnlyOnFailureTestExecutionListener@1b7c1c6f, org.springframework.boot.test.autoconfigure.web.servlet.WebDriverTestExecutionListener@5f9b37b5, org.springframework.boot.test.autoconfigure.webservices.client.MockWebServiceServerTestExecutionListener@2f5a23c1, org.springframework.boot.test.mock.mockito.ResetMocksTestExecutionListener@17abef0f]
2023-01-23 15:05:35.196  INFO 30412 --- [    Test worker] o.s.t.c.transaction.TransactionContext   : Began transaction (1) for test context [DefaultTestContext@65208c91 testClass = ToppingControllerTest, testInstance = nl.tudelft.sem.template.menu.integration.ToppingControllerTest@4d71476c, testMethod = verifyToppings2@ToppingControllerTest, testException = [null], mergedContextConfiguration = [WebMergedContextConfiguration@125447a0 testClass = ToppingControllerTest, locations = '{}', classes = '{class nl.tudelft.sem.template.menu.Application}', contextInitializerClasses = '[]', activeProfiles = '{mockAuthenticationManager, mockTokenVerifier, test}', propertySourceLocations = '{}', propertySourceProperties = '{org.springframework.boot.test.context.SpringBootTestContextBootstrapper=true}', contextCustomizers = set[org.springframework.boot.test.autoconfigure.properties.PropertyMappingContextCustomizer@4b3fa0b3, org.springframework.boot.test.autoconfigure.web.servlet.WebDriverContextCustomizerFactory$Customizer@5e8507f1, [ImportsContextCustomizer@cede70a key = [org.springframework.boot.test.autoconfigure.web.servlet.MockMvcAutoConfiguration, org.springframework.boot.test.autoconfigure.web.servlet.MockMvcWebClientAutoConfiguration, org.springframework.boot.test.autoconfigure.web.servlet.MockMvcWebDriverAutoConfiguration, org.springframework.boot.autoconfigure.security.oauth2.client.servlet.OAuth2ClientAutoConfiguration, org.springframework.boot.autoconfigure.security.oauth2.resource.servlet.OAuth2ResourceServerAutoConfiguration, org.springframework.boot.autoconfigure.security.servlet.SecurityAutoConfiguration, org.springframework.boot.autoconfigure.security.servlet.SecurityFilterAutoConfiguration, org.springframework.boot.autoconfigure.security.servlet.UserDetailsServiceAutoConfiguration, org.springframework.boot.test.autoconfigure.web.servlet.MockMvcSecurityConfiguration]], org.springframework.boot.test.context.filter.ExcludeFilterContextCustomizer@53e76c11, org.springframework.boot.test.json.DuplicateJsonObjectContextCustomizerFactory$DuplicateJsonObjectContextCustomizer@6a1d6ef2, org.springframework.boot.test.mock.mockito.MockitoContextCustomizer@0, org.springframework.boot.test.web.client.TestRestTemplateContextCustomizer@63cf9de0, org.springframework.boot.test.context.SpringBootTestArgs@1, org.springframework.boot.test.context.SpringBootTestWebEnvironment@9816741], resourceBasePath = 'src/main/webapp', contextLoader = 'org.springframework.boot.test.context.SpringBootContextLoader', parent = [null]], attributes = map['org.springframework.test.context.web.ServletTestExecutionListener.activateListener' -> true, 'org.springframework.test.context.web.ServletTestExecutionListener.populatedRequestContextHolder' -> true, 'org.springframework.test.context.web.ServletTestExecutionListener.resetRequestContextHolder' -> true]]; transaction manager [org.springframework.orm.jpa.JpaTransactionManager@2e10f765]; rollback [true]
2023-01-23 15:05:35.212  INFO 30412 --- [    Test worker] o.s.t.c.transaction.TransactionContext   : Rolled back transaction for test: [DefaultTestContext@65208c91 testClass = ToppingControllerTest, testInstance = nl.tudelft.sem.template.menu.integration.ToppingControllerTest@4d71476c, testMethod = verifyToppings2@ToppingControllerTest, testException = [null], mergedContextConfiguration = [WebMergedContextConfiguration@125447a0 testClass = ToppingControllerTest, locations = '{}', classes = '{class nl.tudelft.sem.template.menu.Application}', contextInitializerClasses = '[]', activeProfiles = '{mockAuthenticationManager, mockTokenVerifier, test}', propertySourceLocations = '{}', propertySourceProperties = '{org.springframework.boot.test.context.SpringBootTestContextBootstrapper=true}', contextCustomizers = set[org.springframework.boot.test.autoconfigure.properties.PropertyMappingContextCustomizer@4b3fa0b3, org.springframework.boot.test.autoconfigure.web.servlet.WebDriverContextCustomizerFactory$Customizer@5e8507f1, [ImportsContextCustomizer@cede70a key = [org.springframework.boot.test.autoconfigure.web.servlet.MockMvcAutoConfiguration, org.springframework.boot.test.autoconfigure.web.servlet.MockMvcWebClientAutoConfiguration, org.springframework.boot.test.autoconfigure.web.servlet.MockMvcWebDriverAutoConfiguration, org.springframework.boot.autoconfigure.security.oauth2.client.servlet.OAuth2ClientAutoConfiguration, org.springframework.boot.autoconfigure.security.oauth2.resource.servlet.OAuth2ResourceServerAutoConfiguration, org.springframework.boot.autoconfigure.security.servlet.SecurityAutoConfiguration, org.springframework.boot.autoconfigure.security.servlet.SecurityFilterAutoConfiguration, org.springframework.boot.autoconfigure.security.servlet.UserDetailsServiceAutoConfiguration, org.springframework.boot.test.autoconfigure.web.servlet.MockMvcSecurityConfiguration]], org.springframework.boot.test.context.filter.ExcludeFilterContextCustomizer@53e76c11, org.springframework.boot.test.json.DuplicateJsonObjectContextCustomizerFactory$DuplicateJsonObjectContextCustomizer@6a1d6ef2, org.springframework.boot.test.mock.mockito.MockitoContextCustomizer@0, org.springframework.boot.test.web.client.TestRestTemplateContextCustomizer@63cf9de0, org.springframework.boot.test.context.SpringBootTestArgs@1, org.springframework.boot.test.context.SpringBootTestWebEnvironment@9816741], resourceBasePath = 'src/main/webapp', contextLoader = 'org.springframework.boot.test.context.SpringBootContextLoader', parent = [null]], attributes = map['org.springframework.test.context.web.ServletTestExecutionListener.activateListener' -> true, 'org.springframework.test.context.web.ServletTestExecutionListener.populatedRequestContextHolder' -> true, 'org.springframework.test.context.web.ServletTestExecutionListener.resetRequestContextHolder' -> true]]
]]></system-out>
  <system-err><![CDATA[]]></system-err>
</testsuite>
