<?xml version="1.0" encoding="UTF-8"?>
<testsuite name="nl.tudelft.sem.template.menu.authentication.AuthManagerTests" tests="2" skipped="0" failures="0" errors="0" timestamp="2023-01-23T14:05:29" hostname="CODEKILLER" time="0.065">
  <properties/>
  <testcase name="getRoleTest()" classname="nl.tudelft.sem.template.menu.authentication.AuthManagerTests" time="0.064"/>
  <testcase name="getEmailTest()" classname="nl.tudelft.sem.template.menu.authentication.AuthManagerTests" time="0.001"/>
  <system-out><![CDATA[]]></system-out>
  <system-err><![CDATA[]]></system-err>
</testsuite>
