<?xml version="1.0" encoding="UTF-8"?>
<testsuite name="nl.tudelft.sem.template.menu.authentication.JwtTokenVerifierTests" tests="5" skipped="0" failures="0" errors="0" timestamp="2023-01-23T14:05:29" hostname="CODEKILLER" time="0.232">
  <properties/>
  <testcase name="validateExpiredToken()" classname="nl.tudelft.sem.template.menu.authentication.JwtTokenVerifierTests" time="0.223"/>
  <testcase name="parseEmail()" classname="nl.tudelft.sem.template.menu.authentication.JwtTokenVerifierTests" time="0.003"/>
  <testcase name="validateTokenIncorrectSignature()" classname="nl.tudelft.sem.template.menu.authentication.JwtTokenVerifierTests" time="0.002"/>
  <testcase name="validateNonExpiredToken()" classname="nl.tudelft.sem.template.menu.authentication.JwtTokenVerifierTests" time="0.002"/>
  <testcase name="validateMalformedToken()" classname="nl.tudelft.sem.template.menu.authentication.JwtTokenVerifierTests" time="0.001"/>
  <system-out><![CDATA[]]></system-out>
  <system-err><![CDATA[]]></system-err>
</testsuite>
