<?xml version="1.0" encoding="UTF-8"?>
<testsuite name="nl.tudelft.sem.template.menu.simpleClasses.PriceTest" tests="3" skipped="0" failures="0" errors="0" timestamp="2023-01-23T14:05:35" hostname="CODEKILLER" time="0.002">
  <properties/>
  <testcase name="testToString()" classname="nl.tudelft.sem.template.menu.simpleClasses.PriceTest" time="0.0"/>
  <testcase name="getValue()" classname="nl.tudelft.sem.template.menu.simpleClasses.PriceTest" time="0.002"/>
  <testcase name="testConstructor()" classname="nl.tudelft.sem.template.menu.simpleClasses.PriceTest" time="0.0"/>
  <system-out><![CDATA[]]></system-out>
  <system-err><![CDATA[]]></system-err>
</testsuite>
