<?xml version="1.0" encoding="UTF-8"?>
<testsuite name="nl.tudelft.sem.template.menu.simpleClasses.ToppingNameTest" tests="2" skipped="0" failures="0" errors="0" timestamp="2023-01-23T14:05:35" hostname="CODEKILLER" time="0.0">
  <properties/>
  <testcase name="testToString()" classname="nl.tudelft.sem.template.menu.simpleClasses.ToppingNameTest" time="0.0"/>
  <testcase name="getName()" classname="nl.tudelft.sem.template.menu.simpleClasses.ToppingNameTest" time="0.0"/>
  <system-out><![CDATA[]]></system-out>
  <system-err><![CDATA[]]></system-err>
</testsuite>
