<?xml version="1.0" encoding="UTF-8"?>
<testsuite name="nl.tudelft.sem.template.order.simpleClasses.ProductMicroserviceAdapterTest" tests="2" skipped="0" failures="0" errors="0" timestamp="2023-01-23T14:06:18" hostname="CODEKILLER" time="1.164">
  <properties/>
  <testcase name="testVerifyProducts()" classname="nl.tudelft.sem.template.order.simpleClasses.ProductMicroserviceAdapterTest" time="0.586"/>
  <testcase name="testVerifyToppings()" classname="nl.tudelft.sem.template.order.simpleClasses.ProductMicroserviceAdapterTest" time="0.578"/>
  <system-out><![CDATA[2023-01-23 15:06:18.321  INFO 2556 --- [    Test worker] .b.t.c.SpringBootTestContextBootstrapper : Neither @ContextConfiguration nor @ContextHierarchy found for test class [nl.tudelft.sem.template.order.simpleClasses.ProductMicroserviceAdapterTest], using SpringBootContextLoader
2023-01-23 15:06:18.322  INFO 2556 --- [    Test worker] o.s.t.c.support.AbstractContextLoader    : Could not detect default resource locations for test class [nl.tudelft.sem.template.order.simpleClasses.ProductMicroserviceAdapterTest]: no resource found for suffixes {-context.xml, Context.groovy}.
2023-01-23 15:06:18.322  INFO 2556 --- [    Test worker] t.c.s.AnnotationConfigContextLoaderUtils : Could not detect default configuration classes for test class [nl.tudelft.sem.template.order.simpleClasses.ProductMicroserviceAdapterTest]: ProductMicroserviceAdapterTest does not declare any static, non-private, non-final, nested classes annotated with @Configuration.
2023-01-23 15:06:18.329  INFO 2556 --- [    Test worker] .b.t.c.SpringBootTestContextBootstrapper : Found @SpringBootConfiguration nl.tudelft.sem.template.order.Application for test class nl.tudelft.sem.template.order.simpleClasses.ProductMicroserviceAdapterTest
2023-01-23 15:06:18.330  INFO 2556 --- [    Test worker] .b.t.c.SpringBootTestContextBootstrapper : Loaded default TestExecutionListener class names from location [META-INF/spring.factories]: [org.springframework.boot.test.autoconfigure.restdocs.RestDocsTestExecutionListener, org.springframework.boot.test.autoconfigure.web.client.MockRestServiceServerResetTestExecutionListener, org.springframework.boot.test.autoconfigure.web.servlet.MockMvcPrintOnlyOnFailureTestExecutionListener, org.springframework.boot.test.autoconfigure.web.servlet.WebDriverTestExecutionListener, org.springframework.boot.test.autoconfigure.webservices.client.MockWebServiceServerTestExecutionListener, org.springframework.boot.test.mock.mockito.MockitoTestExecutionListener, org.springframework.boot.test.mock.mockito.ResetMocksTestExecutionListener, org.springframework.test.context.web.ServletTestExecutionListener, org.springframework.test.context.support.DirtiesContextBeforeModesTestExecutionListener, org.springframework.test.context.support.DependencyInjectionTestExecutionListener, org.springframework.test.context.support.DirtiesContextTestExecutionListener, org.springframework.test.context.transaction.TransactionalTestExecutionListener, org.springframework.test.context.jdbc.SqlScriptsTestExecutionListener, org.springframework.test.context.event.EventPublishingTestExecutionListener]
2023-01-23 15:06:18.330  INFO 2556 --- [    Test worker] .b.t.c.SpringBootTestContextBootstrapper : Using TestExecutionListeners: [org.springframework.test.context.web.ServletTestExecutionListener@5295998e, org.springframework.test.context.support.DirtiesContextBeforeModesTestExecutionListener@2f8f1684, org.springframework.boot.test.mock.mockito.MockitoTestExecutionListener@68b7d0ae, org.springframework.boot.test.autoconfigure.SpringBootDependencyInjectionTestExecutionListener@44c6e3f5, org.springframework.test.context.support.DirtiesContextTestExecutionListener@3a614b0a, org.springframework.test.context.transaction.TransactionalTestExecutionListener@6d0d41f4, org.springframework.test.context.jdbc.SqlScriptsTestExecutionListener@3b69de5b, org.springframework.test.context.event.EventPublishingTestExecutionListener@48434b88, org.springframework.boot.test.autoconfigure.restdocs.RestDocsTestExecutionListener@784a7091, org.springframework.boot.test.autoconfigure.web.client.MockRestServiceServerResetTestExecutionListener@7f4f8c8d, org.springframework.boot.test.autoconfigure.web.servlet.MockMvcPrintOnlyOnFailureTestExecutionListener@aa10e39, org.springframework.boot.test.autoconfigure.web.servlet.WebDriverTestExecutionListener@586c0bee, org.springframework.boot.test.autoconfigure.webservices.client.MockWebServiceServerTestExecutionListener@7309368a, org.springframework.boot.test.mock.mockito.ResetMocksTestExecutionListener@70a1e782]

  .   ____          _            __ _ _
 /\\ / ___'_ __ _ _(_)_ __  __ _ \ \ \ \
( ( )\___ | '_ | '_| | '_ \/ _` | \ \ \ \
 \\/  ___)| |_)| | | | | || (_| |  ) ) ) )
  '  |____| .__|_| |_|_| |_\__, | / / / /
 =========|_|==============|___/=/_/_/_/
 :: Spring Boot ::        (v2.3.5.RELEASE)

2023-01-23 15:06:18.349  INFO 2556 --- [    Test worker] t.s.t.o.s.ProductMicroserviceAdapterTest : Starting ProductMicroserviceAdapterTest on CodeKiller with PID 2556 (started by Bogdan in C:\Users\Bogdan\Desktop\TU Delft\University Work\Year 2\Software Engineering Methods\Project\SEM04a\order-microservice)
2023-01-23 15:06:18.349  INFO 2556 --- [    Test worker] t.s.t.o.s.ProductMicroserviceAdapterTest : The following profiles are active: test
2023-01-23 15:06:18.457  INFO 2556 --- [    Test worker] .s.d.r.c.RepositoryConfigurationDelegate : Bootstrapping Spring Data JPA repositories in DEFAULT mode.
2023-01-23 15:06:18.476  INFO 2556 --- [    Test worker] .s.d.r.c.RepositoryConfigurationDelegate : Finished Spring Data repository scanning in 19ms. Found 4 JPA repository interfaces.
2023-01-23 15:06:18.556  INFO 2556 --- [    Test worker] o.hibernate.jpa.internal.util.LogHelper  : HHH000204: Processing PersistenceUnitInfo [name: default]
2023-01-23 15:06:18.561  INFO 2556 --- [    Test worker] org.hibernate.dialect.Dialect            : HHH000400: Using dialect: org.hibernate.dialect.H2Dialect
2023-01-23 15:06:18.568  WARN 2556 --- [    Test worker] o.h.t.d.java.JavaTypeDescriptorRegistry  : HHH000481: Encountered Java type [class nl.tudelft.sem.template.order.domain.order.OrderData] for which we could not locate a JavaTypeDescriptor and which does not appear to implement equals and/or hashCode.  This can lead to significant performance problems when performing equality/dirty checking involving this Java type.  Consider registering a custom JavaTypeDescriptor or at least implementing equals/hashCode.
2023-01-23 15:06:18.569  WARN 2556 --- [    Test worker] o.h.t.d.java.JavaTypeDescriptorRegistry  : HHH000481: Encountered Java type [interface nl.tudelft.sem.template.order.domain.coupon.PricingStrategy] for which we could not locate a JavaTypeDescriptor and which does not appear to implement equals and/or hashCode.  This can lead to significant performance problems when performing equality/dirty checking involving this Java type.  Consider registering a custom JavaTypeDescriptor or at least implementing equals/hashCode.
2023-01-23 15:06:18.586  INFO 2556 --- [    Test worker] o.h.e.t.j.p.i.JtaPlatformInitiator       : HHH000490: Using JtaPlatform implementation: [org.hibernate.engine.transaction.jta.platform.internal.NoJtaPlatform]
2023-01-23 15:06:18.586  INFO 2556 --- [    Test worker] j.LocalContainerEntityManagerFactoryBean : Initialized JPA EntityManagerFactory for persistence unit 'default'
2023-01-23 15:06:18.616  WARN 2556 --- [    Test worker] JpaBaseConfiguration$JpaWebConfiguration : spring.jpa.open-in-view is enabled by default. Therefore, database queries may be performed during view rendering. Explicitly configure spring.jpa.open-in-view to disable this warning
2023-01-23 15:06:18.747  INFO 2556 --- [    Test worker] o.s.s.concurrent.ThreadPoolTaskExecutor  : Initializing ExecutorService 'applicationTaskExecutor'
2023-01-23 15:06:18.756  INFO 2556 --- [    Test worker] o.s.b.a.h2.H2ConsoleAutoConfiguration    : H2 console available at '/h2-console'. Database available at 'jdbc:h2:mem:testdb'
2023-01-23 15:06:18.850  INFO 2556 --- [    Test worker] .s.s.UserDetailsServiceAutoConfiguration : 

Using generated security password: 1dfc73e5-9990-40db-9004-cd115e39d8e3

2023-01-23 15:06:18.890  INFO 2556 --- [    Test worker] o.s.s.web.DefaultSecurityFilterChain     : Creating filter chain: any request, [org.springframework.security.web.context.request.async.WebAsyncManagerIntegrationFilter@6e06d8f9, org.springframework.security.web.context.SecurityContextPersistenceFilter@27b0b2aa, org.springframework.security.web.header.HeaderWriterFilter@456573c, org.springframework.security.web.authentication.logout.LogoutFilter@1e41f34a, nl.tudelft.sem.template.order.authentication.JwtRequestFilter@161f5513, org.springframework.security.web.savedrequest.RequestCacheAwareFilter@69a484c2, org.springframework.security.web.servletapi.SecurityContextHolderAwareRequestFilter@5f7dd17d, org.springframework.security.web.authentication.AnonymousAuthenticationFilter@3395b049, org.springframework.security.web.session.SessionManagementFilter@6c91e939, org.springframework.security.web.access.ExceptionTranslationFilter@99c866, org.springframework.security.web.access.intercept.FilterSecurityInterceptor@7135e490]
2023-01-23 15:06:18.910  INFO 2556 --- [    Test worker] o.s.b.t.m.w.SpringBootMockServletContext : Initializing Spring TestDispatcherServlet ''
2023-01-23 15:06:18.910  INFO 2556 --- [    Test worker] o.s.t.web.servlet.TestDispatcherServlet  : Initializing Servlet ''
2023-01-23 15:06:18.915  INFO 2556 --- [    Test worker] o.s.t.web.servlet.TestDispatcherServlet  : Completed initialization in 5 ms
2023-01-23 15:06:18.917  INFO 2556 --- [    Test worker] t.s.t.o.s.ProductMicroserviceAdapterTest : Started ProductMicroserviceAdapterTest in 0.586 seconds (JVM running for 42.009)
2023-01-23 15:06:18.958  INFO 2556 --- [    Test worker] o.s.s.concurrent.ThreadPoolTaskExecutor  : Shutting down ExecutorService 'applicationTaskExecutor'
2023-01-23 15:06:18.958  INFO 2556 --- [    Test worker] j.LocalContainerEntityManagerFactoryBean : Closing JPA EntityManagerFactory for persistence unit 'default'

  .   ____          _            __ _ _
 /\\ / ___'_ __ _ _(_)_ __  __ _ \ \ \ \
( ( )\___ | '_ | '_| | '_ \/ _` | \ \ \ \
 \\/  ___)| |_)| | | | | || (_| |  ) ) ) )
  '  |____| .__|_| |_|_| |_\__, | / / / /
 =========|_|==============|___/=/_/_/_/
 :: Spring Boot ::        (v2.3.5.RELEASE)

2023-01-23 15:06:18.976  INFO 2556 --- [    Test worker] t.s.t.o.s.ProductMicroserviceAdapterTest : Starting ProductMicroserviceAdapterTest on CodeKiller with PID 2556 (started by Bogdan in C:\Users\Bogdan\Desktop\TU Delft\University Work\Year 2\Software Engineering Methods\Project\SEM04a\order-microservice)
2023-01-23 15:06:18.976  INFO 2556 --- [    Test worker] t.s.t.o.s.ProductMicroserviceAdapterTest : The following profiles are active: test
2023-01-23 15:06:19.079  INFO 2556 --- [    Test worker] .s.d.r.c.RepositoryConfigurationDelegate : Bootstrapping Spring Data JPA repositories in DEFAULT mode.
2023-01-23 15:06:19.099  INFO 2556 --- [    Test worker] .s.d.r.c.RepositoryConfigurationDelegate : Finished Spring Data repository scanning in 20ms. Found 4 JPA repository interfaces.
2023-01-23 15:06:19.180  INFO 2556 --- [    Test worker] o.hibernate.jpa.internal.util.LogHelper  : HHH000204: Processing PersistenceUnitInfo [name: default]
2023-01-23 15:06:19.186  INFO 2556 --- [    Test worker] org.hibernate.dialect.Dialect            : HHH000400: Using dialect: org.hibernate.dialect.H2Dialect
2023-01-23 15:06:19.193  WARN 2556 --- [    Test worker] o.h.t.d.java.JavaTypeDescriptorRegistry  : HHH000481: Encountered Java type [class nl.tudelft.sem.template.order.domain.order.OrderData] for which we could not locate a JavaTypeDescriptor and which does not appear to implement equals and/or hashCode.  This can lead to significant performance problems when performing equality/dirty checking involving this Java type.  Consider registering a custom JavaTypeDescriptor or at least implementing equals/hashCode.
2023-01-23 15:06:19.194  WARN 2556 --- [    Test worker] o.h.t.d.java.JavaTypeDescriptorRegistry  : HHH000481: Encountered Java type [interface nl.tudelft.sem.template.order.domain.coupon.PricingStrategy] for which we could not locate a JavaTypeDescriptor and which does not appear to implement equals and/or hashCode.  This can lead to significant performance problems when performing equality/dirty checking involving this Java type.  Consider registering a custom JavaTypeDescriptor or at least implementing equals/hashCode.
2023-01-23 15:06:19.210  INFO 2556 --- [    Test worker] o.h.e.t.j.p.i.JtaPlatformInitiator       : HHH000490: Using JtaPlatform implementation: [org.hibernate.engine.transaction.jta.platform.internal.NoJtaPlatform]
2023-01-23 15:06:19.210  INFO 2556 --- [    Test worker] j.LocalContainerEntityManagerFactoryBean : Initialized JPA EntityManagerFactory for persistence unit 'default'
2023-01-23 15:06:19.240  WARN 2556 --- [    Test worker] JpaBaseConfiguration$JpaWebConfiguration : spring.jpa.open-in-view is enabled by default. Therefore, database queries may be performed during view rendering. Explicitly configure spring.jpa.open-in-view to disable this warning
2023-01-23 15:06:19.364  INFO 2556 --- [    Test worker] o.s.s.concurrent.ThreadPoolTaskExecutor  : Initializing ExecutorService 'applicationTaskExecutor'
2023-01-23 15:06:19.372  INFO 2556 --- [    Test worker] o.s.b.a.h2.H2ConsoleAutoConfiguration    : H2 console available at '/h2-console'. Database available at 'jdbc:h2:mem:testdb'
2023-01-23 15:06:19.462  INFO 2556 --- [    Test worker] .s.s.UserDetailsServiceAutoConfiguration : 

Using generated security password: ae1f59d2-a9d0-4f1f-b2e0-7c5a6cf28bb3

2023-01-23 15:06:19.501  INFO 2556 --- [    Test worker] o.s.s.web.DefaultSecurityFilterChain     : Creating filter chain: any request, [org.springframework.security.web.context.request.async.WebAsyncManagerIntegrationFilter@1b559769, org.springframework.security.web.context.SecurityContextPersistenceFilter@3844cf6c, org.springframework.security.web.header.HeaderWriterFilter@5c881d32, org.springframework.security.web.authentication.logout.LogoutFilter@fb141d, nl.tudelft.sem.template.order.authentication.JwtRequestFilter@2da9bef5, org.springframework.security.web.savedrequest.RequestCacheAwareFilter@6a8d81c0, org.springframework.security.web.servletapi.SecurityContextHolderAwareRequestFilter@76f0702e, org.springframework.security.web.authentication.AnonymousAuthenticationFilter@724c004b, org.springframework.security.web.session.SessionManagementFilter@e9ccbde, org.springframework.security.web.access.ExceptionTranslationFilter@1508f266, org.springframework.security.web.access.intercept.FilterSecurityInterceptor@378ce8f3]
2023-01-23 15:06:19.522  INFO 2556 --- [    Test worker] o.s.b.t.m.w.SpringBootMockServletContext : Initializing Spring TestDispatcherServlet ''
2023-01-23 15:06:19.522  INFO 2556 --- [    Test worker] o.s.t.web.servlet.TestDispatcherServlet  : Initializing Servlet ''
2023-01-23 15:06:19.525  INFO 2556 --- [    Test worker] o.s.t.web.servlet.TestDispatcherServlet  : Completed initialization in 3 ms
2023-01-23 15:06:19.528  INFO 2556 --- [    Test worker] t.s.t.o.s.ProductMicroserviceAdapterTest : Started ProductMicroserviceAdapterTest in 0.568 seconds (JVM running for 42.619)
2023-01-23 15:06:19.543  INFO 2556 --- [    Test worker] o.s.s.concurrent.ThreadPoolTaskExecutor  : Shutting down ExecutorService 'applicationTaskExecutor'
2023-01-23 15:06:19.544  INFO 2556 --- [    Test worker] j.LocalContainerEntityManagerFactoryBean : Closing JPA EntityManagerFactory for persistence unit 'default'

  .   ____          _            __ _ _
 /\\ / ___'_ __ _ _(_)_ __  __ _ \ \ \ \
( ( )\___ | '_ | '_| | '_ \/ _` | \ \ \ \
 \\/  ___)| |_)| | | | | || (_| |  ) ) ) )
  '  |____| .__|_| |_|_| |_\__, | / / / /
 =========|_|==============|___/=/_/_/_/
 :: Spring Boot ::        (v2.3.5.RELEASE)

2023-01-23 15:06:19.562  INFO 2556 --- [    Test worker] t.s.t.o.s.ProductMicroserviceAdapterTest : Starting ProductMicroserviceAdapterTest on CodeKiller with PID 2556 (started by Bogdan in C:\Users\Bogdan\Desktop\TU Delft\University Work\Year 2\Software Engineering Methods\Project\SEM04a\order-microservice)
2023-01-23 15:06:19.562  INFO 2556 --- [    Test worker] t.s.t.o.s.ProductMicroserviceAdapterTest : The following profiles are active: test
2023-01-23 15:06:19.663  INFO 2556 --- [    Test worker] .s.d.r.c.RepositoryConfigurationDelegate : Bootstrapping Spring Data JPA repositories in DEFAULT mode.
2023-01-23 15:06:19.682  INFO 2556 --- [    Test worker] .s.d.r.c.RepositoryConfigurationDelegate : Finished Spring Data repository scanning in 18ms. Found 4 JPA repository interfaces.
2023-01-23 15:06:19.758  INFO 2556 --- [    Test worker] o.hibernate.jpa.internal.util.LogHelper  : HHH000204: Processing PersistenceUnitInfo [name: default]
2023-01-23 15:06:19.763  INFO 2556 --- [    Test worker] org.hibernate.dialect.Dialect            : HHH000400: Using dialect: org.hibernate.dialect.H2Dialect
2023-01-23 15:06:19.769  WARN 2556 --- [    Test worker] o.h.t.d.java.JavaTypeDescriptorRegistry  : HHH000481: Encountered Java type [class nl.tudelft.sem.template.order.domain.order.OrderData] for which we could not locate a JavaTypeDescriptor and which does not appear to implement equals and/or hashCode.  This can lead to significant performance problems when performing equality/dirty checking involving this Java type.  Consider registering a custom JavaTypeDescriptor or at least implementing equals/hashCode.
2023-01-23 15:06:19.770  WARN 2556 --- [    Test worker] o.h.t.d.java.JavaTypeDescriptorRegistry  : HHH000481: Encountered Java type [interface nl.tudelft.sem.template.order.domain.coupon.PricingStrategy] for which we could not locate a JavaTypeDescriptor and which does not appear to implement equals and/or hashCode.  This can lead to significant performance problems when performing equality/dirty checking involving this Java type.  Consider registering a custom JavaTypeDescriptor or at least implementing equals/hashCode.
2023-01-23 15:06:19.785  INFO 2556 --- [    Test worker] o.h.e.t.j.p.i.JtaPlatformInitiator       : HHH000490: Using JtaPlatform implementation: [org.hibernate.engine.transaction.jta.platform.internal.NoJtaPlatform]
2023-01-23 15:06:19.785  INFO 2556 --- [    Test worker] j.LocalContainerEntityManagerFactoryBean : Initialized JPA EntityManagerFactory for persistence unit 'default'
2023-01-23 15:06:19.814  WARN 2556 --- [    Test worker] JpaBaseConfiguration$JpaWebConfiguration : spring.jpa.open-in-view is enabled by default. Therefore, database queries may be performed during view rendering. Explicitly configure spring.jpa.open-in-view to disable this warning
2023-01-23 15:06:19.951  INFO 2556 --- [    Test worker] o.s.s.concurrent.ThreadPoolTaskExecutor  : Initializing ExecutorService 'applicationTaskExecutor'
2023-01-23 15:06:19.959  INFO 2556 --- [    Test worker] o.s.b.a.h2.H2ConsoleAutoConfiguration    : H2 console available at '/h2-console'. Database available at 'jdbc:h2:mem:testdb'
2023-01-23 15:06:20.051  INFO 2556 --- [    Test worker] .s.s.UserDetailsServiceAutoConfiguration : 

Using generated security password: 4c52f0ed-1f40-4d0b-92ff-a53524c20f34

2023-01-23 15:06:20.089  INFO 2556 --- [    Test worker] o.s.s.web.DefaultSecurityFilterChain     : Creating filter chain: any request, [org.springframework.security.web.context.request.async.WebAsyncManagerIntegrationFilter@2b978614, org.springframework.security.web.context.SecurityContextPersistenceFilter@78132a59, org.springframework.security.web.header.HeaderWriterFilter@32bed2c7, org.springframework.security.web.authentication.logout.LogoutFilter@363b66c5, nl.tudelft.sem.template.order.authentication.JwtRequestFilter@247e7adf, org.springframework.security.web.savedrequest.RequestCacheAwareFilter@402a0031, org.springframework.security.web.servletapi.SecurityContextHolderAwareRequestFilter@4c6ca19, org.springframework.security.web.authentication.AnonymousAuthenticationFilter@91097ab, org.springframework.security.web.session.SessionManagementFilter@42922397, org.springframework.security.web.access.ExceptionTranslationFilter@22a3544e, org.springframework.security.web.access.intercept.FilterSecurityInterceptor@669e2f68]
2023-01-23 15:06:20.111  INFO 2556 --- [    Test worker] o.s.b.t.m.w.SpringBootMockServletContext : Initializing Spring TestDispatcherServlet ''
2023-01-23 15:06:20.111  INFO 2556 --- [    Test worker] o.s.t.web.servlet.TestDispatcherServlet  : Initializing Servlet ''
2023-01-23 15:06:20.114  INFO 2556 --- [    Test worker] o.s.t.web.servlet.TestDispatcherServlet  : Completed initialization in 3 ms
2023-01-23 15:06:20.117  INFO 2556 --- [    Test worker] t.s.t.o.s.ProductMicroserviceAdapterTest : Started ProductMicroserviceAdapterTest in 0.572 seconds (JVM running for 43.208)
]]></system-out>
  <system-err><![CDATA[]]></system-err>
</testsuite>
