<?xml version="1.0" encoding="UTF-8"?>
<testsuite name="nl.tudelft.sem.template.order.simpleClasses.OrderTest" tests="7" skipped="0" failures="0" errors="0" timestamp="2023-01-23T14:06:18" hostname="CODEKILLER" time="0.003">
  <properties/>
  <testcase name="testOrderProducts()" classname="nl.tudelft.sem.template.order.simpleClasses.OrderTest" time="0.001"/>
  <testcase name="testAddingProducts()" classname="nl.tudelft.sem.template.order.simpleClasses.OrderTest" time="0.0"/>
  <testcase name="testOrderCreation()" classname="nl.tudelft.sem.template.order.simpleClasses.OrderTest" time="0.001"/>
  <testcase name="testEquals()" classname="nl.tudelft.sem.template.order.simpleClasses.OrderTest" time="0.0"/>
  <testcase name="testDeleteProduct()" classname="nl.tudelft.sem.template.order.simpleClasses.OrderTest" time="0.0"/>
  <testcase name="testMoneySaved()" classname="nl.tudelft.sem.template.order.simpleClasses.OrderTest" time="0.0"/>
  <testcase name="testCalculatePriceStrategies()" classname="nl.tudelft.sem.template.order.simpleClasses.OrderTest" time="0.001"/>
  <system-out><![CDATA[]]></system-out>
  <system-err><![CDATA[]]></system-err>
</testsuite>
