<?xml version="1.0" encoding="UTF-8"?>
<testsuite name="nl.tudelft.sem.template.order.simpleClasses.StoreIdAdapterTest" tests="1" skipped="0" failures="0" errors="0" timestamp="2023-01-23T14:06:20" hostname="CODEKILLER" time="0.584">
  <properties/>
  <testcase name="testGetUsersStoreId()" classname="nl.tudelft.sem.template.order.simpleClasses.StoreIdAdapterTest" time="0.584"/>
  <system-out><![CDATA[2023-01-23 15:06:20.125  INFO 2556 --- [    Test worker] .b.t.c.SpringBootTestContextBootstrapper : Neither @ContextConfiguration nor @ContextHierarchy found for test class [nl.tudelft.sem.template.order.simpleClasses.StoreIdAdapterTest], using SpringBootContextLoader
2023-01-23 15:06:20.126  INFO 2556 --- [    Test worker] o.s.t.c.support.AbstractContextLoader    : Could not detect default resource locations for test class [nl.tudelft.sem.template.order.simpleClasses.StoreIdAdapterTest]: no resource found for suffixes {-context.xml, Context.groovy}.
2023-01-23 15:06:20.126  INFO 2556 --- [    Test worker] t.c.s.AnnotationConfigContextLoaderUtils : Could not detect default configuration classes for test class [nl.tudelft.sem.template.order.simpleClasses.StoreIdAdapterTest]: StoreIdAdapterTest does not declare any static, non-private, non-final, nested classes annotated with @Configuration.
2023-01-23 15:06:20.127  INFO 2556 --- [    Test worker] .b.t.c.SpringBootTestContextBootstrapper : Found @SpringBootConfiguration nl.tudelft.sem.template.order.Application for test class nl.tudelft.sem.template.order.simpleClasses.StoreIdAdapterTest
2023-01-23 15:06:20.128  INFO 2556 --- [    Test worker] .b.t.c.SpringBootTestContextBootstrapper : Loaded default TestExecutionListener class names from location [META-INF/spring.factories]: [org.springframework.boot.test.autoconfigure.restdocs.RestDocsTestExecutionListener, org.springframework.boot.test.autoconfigure.web.client.MockRestServiceServerResetTestExecutionListener, org.springframework.boot.test.autoconfigure.web.servlet.MockMvcPrintOnlyOnFailureTestExecutionListener, org.springframework.boot.test.autoconfigure.web.servlet.WebDriverTestExecutionListener, org.springframework.boot.test.autoconfigure.webservices.client.MockWebServiceServerTestExecutionListener, org.springframework.boot.test.mock.mockito.MockitoTestExecutionListener, org.springframework.boot.test.mock.mockito.ResetMocksTestExecutionListener, org.springframework.test.context.web.ServletTestExecutionListener, org.springframework.test.context.support.DirtiesContextBeforeModesTestExecutionListener, org.springframework.test.context.support.DependencyInjectionTestExecutionListener, org.springframework.test.context.support.DirtiesContextTestExecutionListener, org.springframework.test.context.transaction.TransactionalTestExecutionListener, org.springframework.test.context.jdbc.SqlScriptsTestExecutionListener, org.springframework.test.context.event.EventPublishingTestExecutionListener]
2023-01-23 15:06:20.128  INFO 2556 --- [    Test worker] .b.t.c.SpringBootTestContextBootstrapper : Using TestExecutionListeners: [org.springframework.test.context.web.ServletTestExecutionListener@4442dd53, org.springframework.test.context.support.DirtiesContextBeforeModesTestExecutionListener@d59b40f, org.springframework.boot.test.mock.mockito.MockitoTestExecutionListener@76079e83, org.springframework.boot.test.autoconfigure.SpringBootDependencyInjectionTestExecutionListener@7a74f34d, org.springframework.test.context.support.DirtiesContextTestExecutionListener@288e1115, org.springframework.test.context.transaction.TransactionalTestExecutionListener@683721c7, org.springframework.test.context.jdbc.SqlScriptsTestExecutionListener@220e59c4, org.springframework.test.context.event.EventPublishingTestExecutionListener@7f3d3853, org.springframework.boot.test.autoconfigure.restdocs.RestDocsTestExecutionListener@27638818, org.springframework.boot.test.autoconfigure.web.client.MockRestServiceServerResetTestExecutionListener@768bac2a, org.springframework.boot.test.autoconfigure.web.servlet.MockMvcPrintOnlyOnFailureTestExecutionListener@269b0b46, org.springframework.boot.test.autoconfigure.web.servlet.WebDriverTestExecutionListener@30f25066, org.springframework.boot.test.autoconfigure.webservices.client.MockWebServiceServerTestExecutionListener@bea2d28, org.springframework.boot.test.mock.mockito.ResetMocksTestExecutionListener@20ab2a83]
2023-01-23 15:06:20.130  INFO 2556 --- [    Test worker] o.s.s.concurrent.ThreadPoolTaskExecutor  : Shutting down ExecutorService 'applicationTaskExecutor'
2023-01-23 15:06:20.130  INFO 2556 --- [    Test worker] j.LocalContainerEntityManagerFactoryBean : Closing JPA EntityManagerFactory for persistence unit 'default'

  .   ____          _            __ _ _
 /\\ / ___'_ __ _ _(_)_ __  __ _ \ \ \ \
( ( )\___ | '_ | '_| | '_ \/ _` | \ \ \ \
 \\/  ___)| |_)| | | | | || (_| |  ) ) ) )
  '  |____| .__|_| |_|_| |_\__, | / / / /
 =========|_|==============|___/=/_/_/_/
 :: Spring Boot ::        (v2.3.5.RELEASE)

2023-01-23 15:06:20.149  INFO 2556 --- [    Test worker] n.t.s.t.o.s.StoreIdAdapterTest           : Starting StoreIdAdapterTest on CodeKiller with PID 2556 (started by Bogdan in C:\Users\Bogdan\Desktop\TU Delft\University Work\Year 2\Software Engineering Methods\Project\SEM04a\order-microservice)
2023-01-23 15:06:20.149  INFO 2556 --- [    Test worker] n.t.s.t.o.s.StoreIdAdapterTest           : The following profiles are active: test
2023-01-23 15:06:20.254  INFO 2556 --- [    Test worker] .s.d.r.c.RepositoryConfigurationDelegate : Bootstrapping Spring Data JPA repositories in DEFAULT mode.
2023-01-23 15:06:20.274  INFO 2556 --- [    Test worker] .s.d.r.c.RepositoryConfigurationDelegate : Finished Spring Data repository scanning in 19ms. Found 4 JPA repository interfaces.
2023-01-23 15:06:20.349  INFO 2556 --- [    Test worker] o.hibernate.jpa.internal.util.LogHelper  : HHH000204: Processing PersistenceUnitInfo [name: default]
2023-01-23 15:06:20.354  INFO 2556 --- [    Test worker] org.hibernate.dialect.Dialect            : HHH000400: Using dialect: org.hibernate.dialect.H2Dialect
2023-01-23 15:06:20.360  WARN 2556 --- [    Test worker] o.h.t.d.java.JavaTypeDescriptorRegistry  : HHH000481: Encountered Java type [class nl.tudelft.sem.template.order.domain.order.OrderData] for which we could not locate a JavaTypeDescriptor and which does not appear to implement equals and/or hashCode.  This can lead to significant performance problems when performing equality/dirty checking involving this Java type.  Consider registering a custom JavaTypeDescriptor or at least implementing equals/hashCode.
2023-01-23 15:06:20.360  WARN 2556 --- [    Test worker] o.h.t.d.java.JavaTypeDescriptorRegistry  : HHH000481: Encountered Java type [interface nl.tudelft.sem.template.order.domain.coupon.PricingStrategy] for which we could not locate a JavaTypeDescriptor and which does not appear to implement equals and/or hashCode.  This can lead to significant performance problems when performing equality/dirty checking involving this Java type.  Consider registering a custom JavaTypeDescriptor or at least implementing equals/hashCode.
2023-01-23 15:06:20.375  INFO 2556 --- [    Test worker] o.h.e.t.j.p.i.JtaPlatformInitiator       : HHH000490: Using JtaPlatform implementation: [org.hibernate.engine.transaction.jta.platform.internal.NoJtaPlatform]
2023-01-23 15:06:20.376  INFO 2556 --- [    Test worker] j.LocalContainerEntityManagerFactoryBean : Initialized JPA EntityManagerFactory for persistence unit 'default'
2023-01-23 15:06:20.405  WARN 2556 --- [    Test worker] JpaBaseConfiguration$JpaWebConfiguration : spring.jpa.open-in-view is enabled by default. Therefore, database queries may be performed during view rendering. Explicitly configure spring.jpa.open-in-view to disable this warning
2023-01-23 15:06:20.544  INFO 2556 --- [    Test worker] o.s.s.concurrent.ThreadPoolTaskExecutor  : Initializing ExecutorService 'applicationTaskExecutor'
2023-01-23 15:06:20.551  INFO 2556 --- [    Test worker] o.s.b.a.h2.H2ConsoleAutoConfiguration    : H2 console available at '/h2-console'. Database available at 'jdbc:h2:mem:testdb'
2023-01-23 15:06:20.644  INFO 2556 --- [    Test worker] .s.s.UserDetailsServiceAutoConfiguration : 

Using generated security password: 76984df4-2fac-44d4-abd8-7c31aeb18283

2023-01-23 15:06:20.680  INFO 2556 --- [    Test worker] o.s.s.web.DefaultSecurityFilterChain     : Creating filter chain: any request, [org.springframework.security.web.context.request.async.WebAsyncManagerIntegrationFilter@3d9d2bd3, org.springframework.security.web.context.SecurityContextPersistenceFilter@1653072d, org.springframework.security.web.header.HeaderWriterFilter@282ee25, org.springframework.security.web.authentication.logout.LogoutFilter@208ae029, nl.tudelft.sem.template.order.authentication.JwtRequestFilter@7dadfee5, org.springframework.security.web.savedrequest.RequestCacheAwareFilter@28c8afb5, org.springframework.security.web.servletapi.SecurityContextHolderAwareRequestFilter@3dae9f4f, org.springframework.security.web.authentication.AnonymousAuthenticationFilter@1843709e, org.springframework.security.web.session.SessionManagementFilter@734c13f7, org.springframework.security.web.access.ExceptionTranslationFilter@419fe75d, org.springframework.security.web.access.intercept.FilterSecurityInterceptor@e680306]
2023-01-23 15:06:20.702  INFO 2556 --- [    Test worker] o.s.b.t.m.w.SpringBootMockServletContext : Initializing Spring TestDispatcherServlet ''
2023-01-23 15:06:20.703  INFO 2556 --- [    Test worker] o.s.t.web.servlet.TestDispatcherServlet  : Initializing Servlet ''
2023-01-23 15:06:20.706  INFO 2556 --- [    Test worker] o.s.t.web.servlet.TestDispatcherServlet  : Completed initialization in 3 ms
2023-01-23 15:06:20.709  INFO 2556 --- [    Test worker] n.t.s.t.o.s.StoreIdAdapterTest           : Started StoreIdAdapterTest in 0.578 seconds (JVM running for 43.8)
]]></system-out>
  <system-err><![CDATA[]]></system-err>
</testsuite>
