<?xml version="1.0" encoding="UTF-8"?>
<testsuite name="nl.tudelft.sem.template.order.simpleClasses.ActivationCodeTest" tests="6" skipped="0" failures="0" errors="0" timestamp="2023-01-23T14:06:18" hostname="CODEKILLER" time="0.001">
  <properties/>
  <testcase name="activationCodeToString()" classname="nl.tudelft.sem.template.order.simpleClasses.ActivationCodeTest" time="0.0"/>
  <testcase name="testValidActivationCode()" classname="nl.tudelft.sem.template.order.simpleClasses.ActivationCodeTest" time="0.0"/>
  <testcase name="getActivationCodeSequence()" classname="nl.tudelft.sem.template.order.simpleClasses.ActivationCodeTest" time="0.0"/>
  <testcase name="testInvalidActivationCode()" classname="nl.tudelft.sem.template.order.simpleClasses.ActivationCodeTest" time="0.0"/>
  <testcase name="testHashCode()" classname="nl.tudelft.sem.template.order.simpleClasses.ActivationCodeTest" time="0.0"/>
  <testcase name="constructActivationCode()" classname="nl.tudelft.sem.template.order.simpleClasses.ActivationCodeTest" time="0.0"/>
  <system-out><![CDATA[]]></system-out>
  <system-err><![CDATA[]]></system-err>
</testsuite>
