<?xml version="1.0" encoding="UTF-8"?>
<testsuite name="nl.tudelft.sem.template.order.services.CreateCouponServiceTest" tests="2" skipped="0" failures="0" errors="0" timestamp="2023-01-23T14:06:14" hostname="CODEKILLER" time="1.178">
  <properties/>
  <testcase name="testExceptionsAddCoupon()" classname="nl.tudelft.sem.template.order.services.CreateCouponServiceTest" time="0.584"/>
  <testcase name="testAddCoupon()" classname="nl.tudelft.sem.template.order.services.CreateCouponServiceTest" time="0.594"/>
  <system-out><![CDATA[2023-01-23 15:06:14.696  INFO 2556 --- [    Test worker] .b.t.c.SpringBootTestContextBootstrapper : Neither @ContextConfiguration nor @ContextHierarchy found for test class [nl.tudelft.sem.template.order.services.CreateCouponServiceTest], using SpringBootContextLoader
2023-01-23 15:06:14.697  INFO 2556 --- [    Test worker] o.s.t.c.support.AbstractContextLoader    : Could not detect default resource locations for test class [nl.tudelft.sem.template.order.services.CreateCouponServiceTest]: no resource found for suffixes {-context.xml, Context.groovy}.
2023-01-23 15:06:14.697  INFO 2556 --- [    Test worker] t.c.s.AnnotationConfigContextLoaderUtils : Could not detect default configuration classes for test class [nl.tudelft.sem.template.order.services.CreateCouponServiceTest]: CreateCouponServiceTest does not declare any static, non-private, non-final, nested classes annotated with @Configuration.
2023-01-23 15:06:14.698  INFO 2556 --- [    Test worker] .b.t.c.SpringBootTestContextBootstrapper : Found @SpringBootConfiguration nl.tudelft.sem.template.order.Application for test class nl.tudelft.sem.template.order.services.CreateCouponServiceTest
2023-01-23 15:06:14.699  INFO 2556 --- [    Test worker] .b.t.c.SpringBootTestContextBootstrapper : Loaded default TestExecutionListener class names from location [META-INF/spring.factories]: [org.springframework.boot.test.autoconfigure.restdocs.RestDocsTestExecutionListener, org.springframework.boot.test.autoconfigure.web.client.MockRestServiceServerResetTestExecutionListener, org.springframework.boot.test.autoconfigure.web.servlet.MockMvcPrintOnlyOnFailureTestExecutionListener, org.springframework.boot.test.autoconfigure.web.servlet.WebDriverTestExecutionListener, org.springframework.boot.test.autoconfigure.webservices.client.MockWebServiceServerTestExecutionListener, org.springframework.boot.test.mock.mockito.MockitoTestExecutionListener, org.springframework.boot.test.mock.mockito.ResetMocksTestExecutionListener, org.springframework.test.context.web.ServletTestExecutionListener, org.springframework.test.context.support.DirtiesContextBeforeModesTestExecutionListener, org.springframework.test.context.support.DependencyInjectionTestExecutionListener, org.springframework.test.context.support.DirtiesContextTestExecutionListener, org.springframework.test.context.transaction.TransactionalTestExecutionListener, org.springframework.test.context.jdbc.SqlScriptsTestExecutionListener, org.springframework.test.context.event.EventPublishingTestExecutionListener]
2023-01-23 15:06:14.699  INFO 2556 --- [    Test worker] .b.t.c.SpringBootTestContextBootstrapper : Using TestExecutionListeners: [org.springframework.test.context.web.ServletTestExecutionListener@2c1563e3, org.springframework.test.context.support.DirtiesContextBeforeModesTestExecutionListener@4fb87a1, org.springframework.boot.test.mock.mockito.MockitoTestExecutionListener@7e17ca7d, org.springframework.boot.test.autoconfigure.SpringBootDependencyInjectionTestExecutionListener@620274e5, org.springframework.test.context.support.DirtiesContextTestExecutionListener@650f193d, org.springframework.test.context.transaction.TransactionalTestExecutionListener@3d914cb2, org.springframework.test.context.jdbc.SqlScriptsTestExecutionListener@7d153d5f, org.springframework.test.context.event.EventPublishingTestExecutionListener@c41cb44, org.springframework.boot.test.autoconfigure.restdocs.RestDocsTestExecutionListener@111aed00, org.springframework.boot.test.autoconfigure.web.client.MockRestServiceServerResetTestExecutionListener@26d9c74d, org.springframework.boot.test.autoconfigure.web.servlet.MockMvcPrintOnlyOnFailureTestExecutionListener@72f2f90c, org.springframework.boot.test.autoconfigure.web.servlet.WebDriverTestExecutionListener@706b17fd, org.springframework.boot.test.autoconfigure.webservices.client.MockWebServiceServerTestExecutionListener@36df861d, org.springframework.boot.test.mock.mockito.ResetMocksTestExecutionListener@5ed4dc24]
2023-01-23 15:06:14.700  INFO 2556 --- [    Test worker] o.s.s.concurrent.ThreadPoolTaskExecutor  : Shutting down ExecutorService 'applicationTaskExecutor'
2023-01-23 15:06:14.701  INFO 2556 --- [    Test worker] j.LocalContainerEntityManagerFactoryBean : Closing JPA EntityManagerFactory for persistence unit 'default'

  .   ____          _            __ _ _
 /\\ / ___'_ __ _ _(_)_ __  __ _ \ \ \ \
( ( )\___ | '_ | '_| | '_ \/ _` | \ \ \ \
 \\/  ___)| |_)| | | | | || (_| |  ) ) ) )
  '  |____| .__|_| |_|_| |_\__, | / / / /
 =========|_|==============|___/=/_/_/_/
 :: Spring Boot ::        (v2.3.5.RELEASE)

2023-01-23 15:06:14.728  INFO 2556 --- [    Test worker] n.t.s.t.o.s.CreateCouponServiceTest      : Starting CreateCouponServiceTest on CodeKiller with PID 2556 (started by Bogdan in C:\Users\Bogdan\Desktop\TU Delft\University Work\Year 2\Software Engineering Methods\Project\SEM04a\order-microservice)
2023-01-23 15:06:14.728  INFO 2556 --- [    Test worker] n.t.s.t.o.s.CreateCouponServiceTest      : The following profiles are active: mockAuthenticationManager,test
2023-01-23 15:06:14.830  INFO 2556 --- [    Test worker] .s.d.r.c.RepositoryConfigurationDelegate : Bootstrapping Spring Data JPA repositories in DEFAULT mode.
2023-01-23 15:06:14.849  INFO 2556 --- [    Test worker] .s.d.r.c.RepositoryConfigurationDelegate : Finished Spring Data repository scanning in 18ms. Found 4 JPA repository interfaces.
2023-01-23 15:06:14.925  INFO 2556 --- [    Test worker] o.hibernate.jpa.internal.util.LogHelper  : HHH000204: Processing PersistenceUnitInfo [name: default]
2023-01-23 15:06:14.930  INFO 2556 --- [    Test worker] org.hibernate.dialect.Dialect            : HHH000400: Using dialect: org.hibernate.dialect.H2Dialect
2023-01-23 15:06:14.937  WARN 2556 --- [    Test worker] o.h.t.d.java.JavaTypeDescriptorRegistry  : HHH000481: Encountered Java type [class nl.tudelft.sem.template.order.domain.order.OrderData] for which we could not locate a JavaTypeDescriptor and which does not appear to implement equals and/or hashCode.  This can lead to significant performance problems when performing equality/dirty checking involving this Java type.  Consider registering a custom JavaTypeDescriptor or at least implementing equals/hashCode.
2023-01-23 15:06:14.937  WARN 2556 --- [    Test worker] o.h.t.d.java.JavaTypeDescriptorRegistry  : HHH000481: Encountered Java type [interface nl.tudelft.sem.template.order.domain.coupon.PricingStrategy] for which we could not locate a JavaTypeDescriptor and which does not appear to implement equals and/or hashCode.  This can lead to significant performance problems when performing equality/dirty checking involving this Java type.  Consider registering a custom JavaTypeDescriptor or at least implementing equals/hashCode.
2023-01-23 15:06:14.953  INFO 2556 --- [    Test worker] o.h.e.t.j.p.i.JtaPlatformInitiator       : HHH000490: Using JtaPlatform implementation: [org.hibernate.engine.transaction.jta.platform.internal.NoJtaPlatform]
2023-01-23 15:06:14.953  INFO 2556 --- [    Test worker] j.LocalContainerEntityManagerFactoryBean : Initialized JPA EntityManagerFactory for persistence unit 'default'
2023-01-23 15:06:14.982  WARN 2556 --- [    Test worker] JpaBaseConfiguration$JpaWebConfiguration : spring.jpa.open-in-view is enabled by default. Therefore, database queries may be performed during view rendering. Explicitly configure spring.jpa.open-in-view to disable this warning
2023-01-23 15:06:15.115  INFO 2556 --- [    Test worker] o.s.s.concurrent.ThreadPoolTaskExecutor  : Initializing ExecutorService 'applicationTaskExecutor'
2023-01-23 15:06:15.123  INFO 2556 --- [    Test worker] o.s.b.a.h2.H2ConsoleAutoConfiguration    : H2 console available at '/h2-console'. Database available at 'jdbc:h2:mem:testdb'
2023-01-23 15:06:15.210  INFO 2556 --- [    Test worker] .s.s.UserDetailsServiceAutoConfiguration : 

Using generated security password: 139891cc-71c9-4046-a1cc-c57409d88284

2023-01-23 15:06:15.250  INFO 2556 --- [    Test worker] o.s.s.web.DefaultSecurityFilterChain     : Creating filter chain: any request, [org.springframework.security.web.context.request.async.WebAsyncManagerIntegrationFilter@165462c, org.springframework.security.web.context.SecurityContextPersistenceFilter@720bc84b, org.springframework.security.web.header.HeaderWriterFilter@49fcdfa3, org.springframework.security.web.authentication.logout.LogoutFilter@2dad1d4c, nl.tudelft.sem.template.order.authentication.JwtRequestFilter@7d47ec25, org.springframework.security.web.savedrequest.RequestCacheAwareFilter@1643adb0, org.springframework.security.web.servletapi.SecurityContextHolderAwareRequestFilter@39ed791c, org.springframework.security.web.authentication.AnonymousAuthenticationFilter@4d39eec6, org.springframework.security.web.session.SessionManagementFilter@3f20f7b8, org.springframework.security.web.access.ExceptionTranslationFilter@5dd72f7d, org.springframework.security.web.access.intercept.FilterSecurityInterceptor@190d79f4]
2023-01-23 15:06:15.270  INFO 2556 --- [    Test worker] o.s.b.t.m.w.SpringBootMockServletContext : Initializing Spring TestDispatcherServlet ''
2023-01-23 15:06:15.270  INFO 2556 --- [    Test worker] o.s.t.web.servlet.TestDispatcherServlet  : Initializing Servlet ''
2023-01-23 15:06:15.274  INFO 2556 --- [    Test worker] o.s.t.web.servlet.TestDispatcherServlet  : Completed initialization in 4 ms
2023-01-23 15:06:15.277  INFO 2556 --- [    Test worker] n.t.s.t.o.s.CreateCouponServiceTest      : Started CreateCouponServiceTest in 0.575 seconds (JVM running for 38.368)
2023-01-23 15:06:15.284  INFO 2556 --- [    Test worker] o.s.s.concurrent.ThreadPoolTaskExecutor  : Shutting down ExecutorService 'applicationTaskExecutor'
2023-01-23 15:06:15.284  INFO 2556 --- [    Test worker] j.LocalContainerEntityManagerFactoryBean : Closing JPA EntityManagerFactory for persistence unit 'default'

  .   ____          _            __ _ _
 /\\ / ___'_ __ _ _(_)_ __  __ _ \ \ \ \
( ( )\___ | '_ | '_| | '_ \/ _` | \ \ \ \
 \\/  ___)| |_)| | | | | || (_| |  ) ) ) )
  '  |____| .__|_| |_|_| |_\__, | / / / /
 =========|_|==============|___/=/_/_/_/
 :: Spring Boot ::        (v2.3.5.RELEASE)

2023-01-23 15:06:15.312  INFO 2556 --- [    Test worker] n.t.s.t.o.s.CreateCouponServiceTest      : Starting CreateCouponServiceTest on CodeKiller with PID 2556 (started by Bogdan in C:\Users\Bogdan\Desktop\TU Delft\University Work\Year 2\Software Engineering Methods\Project\SEM04a\order-microservice)
2023-01-23 15:06:15.312  INFO 2556 --- [    Test worker] n.t.s.t.o.s.CreateCouponServiceTest      : The following profiles are active: mockAuthenticationManager,test
2023-01-23 15:06:15.413  INFO 2556 --- [    Test worker] .s.d.r.c.RepositoryConfigurationDelegate : Bootstrapping Spring Data JPA repositories in DEFAULT mode.
2023-01-23 15:06:15.432  INFO 2556 --- [    Test worker] .s.d.r.c.RepositoryConfigurationDelegate : Finished Spring Data repository scanning in 18ms. Found 4 JPA repository interfaces.
2023-01-23 15:06:15.516  INFO 2556 --- [    Test worker] o.hibernate.jpa.internal.util.LogHelper  : HHH000204: Processing PersistenceUnitInfo [name: default]
2023-01-23 15:06:15.521  INFO 2556 --- [    Test worker] org.hibernate.dialect.Dialect            : HHH000400: Using dialect: org.hibernate.dialect.H2Dialect
2023-01-23 15:06:15.528  WARN 2556 --- [    Test worker] o.h.t.d.java.JavaTypeDescriptorRegistry  : HHH000481: Encountered Java type [class nl.tudelft.sem.template.order.domain.order.OrderData] for which we could not locate a JavaTypeDescriptor and which does not appear to implement equals and/or hashCode.  This can lead to significant performance problems when performing equality/dirty checking involving this Java type.  Consider registering a custom JavaTypeDescriptor or at least implementing equals/hashCode.
2023-01-23 15:06:15.529  WARN 2556 --- [    Test worker] o.h.t.d.java.JavaTypeDescriptorRegistry  : HHH000481: Encountered Java type [interface nl.tudelft.sem.template.order.domain.coupon.PricingStrategy] for which we could not locate a JavaTypeDescriptor and which does not appear to implement equals and/or hashCode.  This can lead to significant performance problems when performing equality/dirty checking involving this Java type.  Consider registering a custom JavaTypeDescriptor or at least implementing equals/hashCode.
2023-01-23 15:06:15.547  INFO 2556 --- [    Test worker] o.h.e.t.j.p.i.JtaPlatformInitiator       : HHH000490: Using JtaPlatform implementation: [org.hibernate.engine.transaction.jta.platform.internal.NoJtaPlatform]
2023-01-23 15:06:15.547  INFO 2556 --- [    Test worker] j.LocalContainerEntityManagerFactoryBean : Initialized JPA EntityManagerFactory for persistence unit 'default'
2023-01-23 15:06:15.576  WARN 2556 --- [    Test worker] JpaBaseConfiguration$JpaWebConfiguration : spring.jpa.open-in-view is enabled by default. Therefore, database queries may be performed during view rendering. Explicitly configure spring.jpa.open-in-view to disable this warning
2023-01-23 15:06:15.705  INFO 2556 --- [    Test worker] o.s.s.concurrent.ThreadPoolTaskExecutor  : Initializing ExecutorService 'applicationTaskExecutor'
2023-01-23 15:06:15.713  INFO 2556 --- [    Test worker] o.s.b.a.h2.H2ConsoleAutoConfiguration    : H2 console available at '/h2-console'. Database available at 'jdbc:h2:mem:testdb'
2023-01-23 15:06:15.808  INFO 2556 --- [    Test worker] .s.s.UserDetailsServiceAutoConfiguration : 

Using generated security password: 3c70a360-d155-4fe7-9663-eb7bb201e63d

2023-01-23 15:06:15.845  INFO 2556 --- [    Test worker] o.s.s.web.DefaultSecurityFilterChain     : Creating filter chain: any request, [org.springframework.security.web.context.request.async.WebAsyncManagerIntegrationFilter@2655fc8b, org.springframework.security.web.context.SecurityContextPersistenceFilter@4eb5dccb, org.springframework.security.web.header.HeaderWriterFilter@2e72f32a, org.springframework.security.web.authentication.logout.LogoutFilter@58d236a9, nl.tudelft.sem.template.order.authentication.JwtRequestFilter@6770e0c1, org.springframework.security.web.savedrequest.RequestCacheAwareFilter@56a2ba4d, org.springframework.security.web.servletapi.SecurityContextHolderAwareRequestFilter@6f70e810, org.springframework.security.web.authentication.AnonymousAuthenticationFilter@1ec197dd, org.springframework.security.web.session.SessionManagementFilter@312ccd51, org.springframework.security.web.access.ExceptionTranslationFilter@4b8a60b0, org.springframework.security.web.access.intercept.FilterSecurityInterceptor@275c5251]
2023-01-23 15:06:15.868  INFO 2556 --- [    Test worker] o.s.b.t.m.w.SpringBootMockServletContext : Initializing Spring TestDispatcherServlet ''
2023-01-23 15:06:15.868  INFO 2556 --- [    Test worker] o.s.t.web.servlet.TestDispatcherServlet  : Initializing Servlet ''
2023-01-23 15:06:15.872  INFO 2556 --- [    Test worker] o.s.t.web.servlet.TestDispatcherServlet  : Completed initialization in 4 ms
2023-01-23 15:06:15.874  INFO 2556 --- [    Test worker] n.t.s.t.o.s.CreateCouponServiceTest      : Started CreateCouponServiceTest in 0.589 seconds (JVM running for 38.965)
]]></system-out>
  <system-err><![CDATA[]]></system-err>
</testsuite>
