<?xml version="1.0" encoding="UTF-8"?>
<testsuite name="nl.tudelft.sem.template.order.simpleClasses.CouponBasicTest" tests="6" skipped="0" failures="0" errors="0" timestamp="2023-01-23T14:06:18" hostname="CODEKILLER" time="0.001">
  <properties/>
  <testcase name="testGetCouponType()" classname="nl.tudelft.sem.template.order.simpleClasses.CouponBasicTest" time="0.0"/>
  <testcase name="testGetDiscountPercent()" classname="nl.tudelft.sem.template.order.simpleClasses.CouponBasicTest" time="0.0"/>
  <testcase name="getStoreId()" classname="nl.tudelft.sem.template.order.simpleClasses.CouponBasicTest" time="0.0"/>
  <testcase name="testGetActivationCode()" classname="nl.tudelft.sem.template.order.simpleClasses.CouponBasicTest" time="0.0"/>
  <testcase name="testCouponConstructor()" classname="nl.tudelft.sem.template.order.simpleClasses.CouponBasicTest" time="0.001"/>
  <testcase name="testGetExpirationDate()" classname="nl.tudelft.sem.template.order.simpleClasses.CouponBasicTest" time="0.0"/>
  <system-out><![CDATA[]]></system-out>
  <system-err><![CDATA[]]></system-err>
</testsuite>
