<?xml version="1.0" encoding="UTF-8"?>
<testsuite name="nl.tudelft.sem.template.order.domain.PayOrderTests" tests="5" skipped="0" failures="0" errors="0" timestamp="2023-01-23T14:05:59" hostname="CODEKILLER" time="3.118">
  <properties/>
  <testcase name="testPayOrderAlready()" classname="nl.tudelft.sem.template.order.domain.PayOrderTests" time="0.613"/>
  <testcase name="testPayOrderMaxTime()" classname="nl.tudelft.sem.template.order.domain.PayOrderTests" time="0.614"/>
  <testcase name="testWrongCustomer()" classname="nl.tudelft.sem.template.order.domain.PayOrderTests" time="0.638"/>
  <testcase name="testPayOrderMinTime()" classname="nl.tudelft.sem.template.order.domain.PayOrderTests" time="0.606"/>
  <testcase name="testPayOrder()" classname="nl.tudelft.sem.template.order.domain.PayOrderTests" time="0.644"/>
  <system-out><![CDATA[2023-01-23 15:05:59.753  INFO 2556 --- [    Test worker] .b.t.c.SpringBootTestContextBootstrapper : Neither @ContextConfiguration nor @ContextHierarchy found for test class [nl.tudelft.sem.template.order.domain.PayOrderTests], using SpringBootContextLoader
2023-01-23 15:05:59.754  INFO 2556 --- [    Test worker] o.s.t.c.support.AbstractContextLoader    : Could not detect default resource locations for test class [nl.tudelft.sem.template.order.domain.PayOrderTests]: no resource found for suffixes {-context.xml, Context.groovy}.
2023-01-23 15:05:59.754  INFO 2556 --- [    Test worker] t.c.s.AnnotationConfigContextLoaderUtils : Could not detect default configuration classes for test class [nl.tudelft.sem.template.order.domain.PayOrderTests]: PayOrderTests does not declare any static, non-private, non-final, nested classes annotated with @Configuration.
2023-01-23 15:05:59.755  INFO 2556 --- [    Test worker] .b.t.c.SpringBootTestContextBootstrapper : Found @SpringBootConfiguration nl.tudelft.sem.template.order.Application for test class nl.tudelft.sem.template.order.domain.PayOrderTests
2023-01-23 15:05:59.755  INFO 2556 --- [    Test worker] .b.t.c.SpringBootTestContextBootstrapper : Loaded default TestExecutionListener class names from location [META-INF/spring.factories]: [org.springframework.boot.test.autoconfigure.restdocs.RestDocsTestExecutionListener, org.springframework.boot.test.autoconfigure.web.client.MockRestServiceServerResetTestExecutionListener, org.springframework.boot.test.autoconfigure.web.servlet.MockMvcPrintOnlyOnFailureTestExecutionListener, org.springframework.boot.test.autoconfigure.web.servlet.WebDriverTestExecutionListener, org.springframework.boot.test.autoconfigure.webservices.client.MockWebServiceServerTestExecutionListener, org.springframework.boot.test.mock.mockito.MockitoTestExecutionListener, org.springframework.boot.test.mock.mockito.ResetMocksTestExecutionListener, org.springframework.test.context.web.ServletTestExecutionListener, org.springframework.test.context.support.DirtiesContextBeforeModesTestExecutionListener, org.springframework.test.context.support.DependencyInjectionTestExecutionListener, org.springframework.test.context.support.DirtiesContextTestExecutionListener, org.springframework.test.context.transaction.TransactionalTestExecutionListener, org.springframework.test.context.jdbc.SqlScriptsTestExecutionListener, org.springframework.test.context.event.EventPublishingTestExecutionListener]
2023-01-23 15:05:59.756  INFO 2556 --- [    Test worker] .b.t.c.SpringBootTestContextBootstrapper : Using TestExecutionListeners: [org.springframework.test.context.web.ServletTestExecutionListener@2b70ce89, org.springframework.test.context.support.DirtiesContextBeforeModesTestExecutionListener@3f3a57ff, org.springframework.boot.test.mock.mockito.MockitoTestExecutionListener@4eda3af9, org.springframework.boot.test.autoconfigure.SpringBootDependencyInjectionTestExecutionListener@12848ea8, org.springframework.test.context.support.DirtiesContextTestExecutionListener@3f2d0ef7, org.springframework.test.context.transaction.TransactionalTestExecutionListener@52c53342, org.springframework.test.context.jdbc.SqlScriptsTestExecutionListener@4dd7d611, org.springframework.test.context.event.EventPublishingTestExecutionListener@7b10f0cd, org.springframework.boot.test.autoconfigure.restdocs.RestDocsTestExecutionListener@2c9d03ee, org.springframework.boot.test.autoconfigure.web.client.MockRestServiceServerResetTestExecutionListener@57397a1c, org.springframework.boot.test.autoconfigure.web.servlet.MockMvcPrintOnlyOnFailureTestExecutionListener@242d59b4, org.springframework.boot.test.autoconfigure.web.servlet.WebDriverTestExecutionListener@58c74364, org.springframework.boot.test.autoconfigure.webservices.client.MockWebServiceServerTestExecutionListener@1c81a9e1, org.springframework.boot.test.mock.mockito.ResetMocksTestExecutionListener@74d9f7]
2023-01-23 15:05:59.758  INFO 2556 --- [    Test worker] o.s.s.concurrent.ThreadPoolTaskExecutor  : Shutting down ExecutorService 'applicationTaskExecutor'
2023-01-23 15:05:59.758  INFO 2556 --- [    Test worker] j.LocalContainerEntityManagerFactoryBean : Closing JPA EntityManagerFactory for persistence unit 'default'

  .   ____          _            __ _ _
 /\\ / ___'_ __ _ _(_)_ __  __ _ \ \ \ \
( ( )\___ | '_ | '_| | '_ \/ _` | \ \ \ \
 \\/  ___)| |_)| | | | | || (_| |  ) ) ) )
  '  |____| .__|_| |_|_| |_\__, | / / / /
 =========|_|==============|___/=/_/_/_/
 :: Spring Boot ::        (v2.3.5.RELEASE)

2023-01-23 15:05:59.786  INFO 2556 --- [    Test worker] n.t.s.t.order.domain.PayOrderTests       : Starting PayOrderTests on CodeKiller with PID 2556 (started by Bogdan in C:\Users\Bogdan\Desktop\TU Delft\University Work\Year 2\Software Engineering Methods\Project\SEM04a\order-microservice)
2023-01-23 15:05:59.787  INFO 2556 --- [    Test worker] n.t.s.t.order.domain.PayOrderTests       : The following profiles are active: mockAuthenticationManager,test
2023-01-23 15:05:59.891  INFO 2556 --- [    Test worker] .s.d.r.c.RepositoryConfigurationDelegate : Bootstrapping Spring Data JPA repositories in DEFAULT mode.
2023-01-23 15:05:59.910  INFO 2556 --- [    Test worker] .s.d.r.c.RepositoryConfigurationDelegate : Finished Spring Data repository scanning in 19ms. Found 4 JPA repository interfaces.
2023-01-23 15:05:59.993  INFO 2556 --- [    Test worker] o.hibernate.jpa.internal.util.LogHelper  : HHH000204: Processing PersistenceUnitInfo [name: default]
2023-01-23 15:05:59.999  INFO 2556 --- [    Test worker] org.hibernate.dialect.Dialect            : HHH000400: Using dialect: org.hibernate.dialect.H2Dialect
2023-01-23 15:06:00.005  WARN 2556 --- [    Test worker] o.h.t.d.java.JavaTypeDescriptorRegistry  : HHH000481: Encountered Java type [class nl.tudelft.sem.template.order.domain.order.OrderData] for which we could not locate a JavaTypeDescriptor and which does not appear to implement equals and/or hashCode.  This can lead to significant performance problems when performing equality/dirty checking involving this Java type.  Consider registering a custom JavaTypeDescriptor or at least implementing equals/hashCode.
2023-01-23 15:06:00.006  WARN 2556 --- [    Test worker] o.h.t.d.java.JavaTypeDescriptorRegistry  : HHH000481: Encountered Java type [interface nl.tudelft.sem.template.order.domain.coupon.PricingStrategy] for which we could not locate a JavaTypeDescriptor and which does not appear to implement equals and/or hashCode.  This can lead to significant performance problems when performing equality/dirty checking involving this Java type.  Consider registering a custom JavaTypeDescriptor or at least implementing equals/hashCode.
2023-01-23 15:06:00.027  INFO 2556 --- [    Test worker] o.h.e.t.j.p.i.JtaPlatformInitiator       : HHH000490: Using JtaPlatform implementation: [org.hibernate.engine.transaction.jta.platform.internal.NoJtaPlatform]
2023-01-23 15:06:00.027  INFO 2556 --- [    Test worker] j.LocalContainerEntityManagerFactoryBean : Initialized JPA EntityManagerFactory for persistence unit 'default'
2023-01-23 15:06:00.056  WARN 2556 --- [    Test worker] JpaBaseConfiguration$JpaWebConfiguration : spring.jpa.open-in-view is enabled by default. Therefore, database queries may be performed during view rendering. Explicitly configure spring.jpa.open-in-view to disable this warning
2023-01-23 15:06:00.189  INFO 2556 --- [    Test worker] o.s.s.concurrent.ThreadPoolTaskExecutor  : Initializing ExecutorService 'applicationTaskExecutor'
2023-01-23 15:06:00.197  INFO 2556 --- [    Test worker] o.s.b.a.h2.H2ConsoleAutoConfiguration    : H2 console available at '/h2-console'. Database available at 'jdbc:h2:mem:testdb'
2023-01-23 15:06:00.297  INFO 2556 --- [    Test worker] .s.s.UserDetailsServiceAutoConfiguration : 

Using generated security password: 18e30bce-f802-4012-b8c4-37e8f9c2d43d

2023-01-23 15:06:00.335  INFO 2556 --- [    Test worker] o.s.s.web.DefaultSecurityFilterChain     : Creating filter chain: any request, [org.springframework.security.web.context.request.async.WebAsyncManagerIntegrationFilter@5233a315, org.springframework.security.web.context.SecurityContextPersistenceFilter@b1c19d8, org.springframework.security.web.header.HeaderWriterFilter@7446bbe5, org.springframework.security.web.authentication.logout.LogoutFilter@5b5b772d, nl.tudelft.sem.template.order.authentication.JwtRequestFilter@6a158a3f, org.springframework.security.web.savedrequest.RequestCacheAwareFilter@68b153cd, org.springframework.security.web.servletapi.SecurityContextHolderAwareRequestFilter@29e954ad, org.springframework.security.web.authentication.AnonymousAuthenticationFilter@7624ed3d, org.springframework.security.web.session.SessionManagementFilter@4e1af109, org.springframework.security.web.access.ExceptionTranslationFilter@6b211df3, org.springframework.security.web.access.intercept.FilterSecurityInterceptor@61c1539e]
2023-01-23 15:06:00.357  INFO 2556 --- [    Test worker] o.s.b.t.m.w.SpringBootMockServletContext : Initializing Spring TestDispatcherServlet ''
2023-01-23 15:06:00.357  INFO 2556 --- [    Test worker] o.s.t.web.servlet.TestDispatcherServlet  : Initializing Servlet ''
2023-01-23 15:06:00.360  INFO 2556 --- [    Test worker] o.s.t.web.servlet.TestDispatcherServlet  : Completed initialization in 3 ms
2023-01-23 15:06:00.363  INFO 2556 --- [    Test worker] n.t.s.t.order.domain.PayOrderTests       : Started PayOrderTests in 0.604 seconds (JVM running for 23.455)
2023-01-23 15:06:00.371  INFO 2556 --- [    Test worker] o.s.s.concurrent.ThreadPoolTaskExecutor  : Shutting down ExecutorService 'applicationTaskExecutor'
2023-01-23 15:06:00.371  INFO 2556 --- [    Test worker] j.LocalContainerEntityManagerFactoryBean : Closing JPA EntityManagerFactory for persistence unit 'default'

  .   ____          _            __ _ _
 /\\ / ___'_ __ _ _(_)_ __  __ _ \ \ \ \
( ( )\___ | '_ | '_| | '_ \/ _` | \ \ \ \
 \\/  ___)| |_)| | | | | || (_| |  ) ) ) )
  '  |____| .__|_| |_|_| |_\__, | / / / /
 =========|_|==============|___/=/_/_/_/
 :: Spring Boot ::        (v2.3.5.RELEASE)

2023-01-23 15:06:00.403  INFO 2556 --- [    Test worker] n.t.s.t.order.domain.PayOrderTests       : Starting PayOrderTests on CodeKiller with PID 2556 (started by Bogdan in C:\Users\Bogdan\Desktop\TU Delft\University Work\Year 2\Software Engineering Methods\Project\SEM04a\order-microservice)
2023-01-23 15:06:00.403  INFO 2556 --- [    Test worker] n.t.s.t.order.domain.PayOrderTests       : The following profiles are active: mockAuthenticationManager,test
2023-01-23 15:06:00.509  INFO 2556 --- [    Test worker] .s.d.r.c.RepositoryConfigurationDelegate : Bootstrapping Spring Data JPA repositories in DEFAULT mode.
2023-01-23 15:06:00.529  INFO 2556 --- [    Test worker] .s.d.r.c.RepositoryConfigurationDelegate : Finished Spring Data repository scanning in 19ms. Found 4 JPA repository interfaces.
2023-01-23 15:06:00.613  INFO 2556 --- [    Test worker] o.hibernate.jpa.internal.util.LogHelper  : HHH000204: Processing PersistenceUnitInfo [name: default]
2023-01-23 15:06:00.619  INFO 2556 --- [    Test worker] org.hibernate.dialect.Dialect            : HHH000400: Using dialect: org.hibernate.dialect.H2Dialect
2023-01-23 15:06:00.625  WARN 2556 --- [    Test worker] o.h.t.d.java.JavaTypeDescriptorRegistry  : HHH000481: Encountered Java type [class nl.tudelft.sem.template.order.domain.order.OrderData] for which we could not locate a JavaTypeDescriptor and which does not appear to implement equals and/or hashCode.  This can lead to significant performance problems when performing equality/dirty checking involving this Java type.  Consider registering a custom JavaTypeDescriptor or at least implementing equals/hashCode.
2023-01-23 15:06:00.626  WARN 2556 --- [    Test worker] o.h.t.d.java.JavaTypeDescriptorRegistry  : HHH000481: Encountered Java type [interface nl.tudelft.sem.template.order.domain.coupon.PricingStrategy] for which we could not locate a JavaTypeDescriptor and which does not appear to implement equals and/or hashCode.  This can lead to significant performance problems when performing equality/dirty checking involving this Java type.  Consider registering a custom JavaTypeDescriptor or at least implementing equals/hashCode.
2023-01-23 15:06:00.644  INFO 2556 --- [    Test worker] o.h.e.t.j.p.i.JtaPlatformInitiator       : HHH000490: Using JtaPlatform implementation: [org.hibernate.engine.transaction.jta.platform.internal.NoJtaPlatform]
2023-01-23 15:06:00.644  INFO 2556 --- [    Test worker] j.LocalContainerEntityManagerFactoryBean : Initialized JPA EntityManagerFactory for persistence unit 'default'
2023-01-23 15:06:00.676  WARN 2556 --- [    Test worker] JpaBaseConfiguration$JpaWebConfiguration : spring.jpa.open-in-view is enabled by default. Therefore, database queries may be performed during view rendering. Explicitly configure spring.jpa.open-in-view to disable this warning
2023-01-23 15:06:00.812  INFO 2556 --- [    Test worker] o.s.s.concurrent.ThreadPoolTaskExecutor  : Initializing ExecutorService 'applicationTaskExecutor'
2023-01-23 15:06:00.820  INFO 2556 --- [    Test worker] o.s.b.a.h2.H2ConsoleAutoConfiguration    : H2 console available at '/h2-console'. Database available at 'jdbc:h2:mem:testdb'
2023-01-23 15:06:00.910  INFO 2556 --- [    Test worker] .s.s.UserDetailsServiceAutoConfiguration : 

Using generated security password: b71bbf20-8647-4ae9-a973-3330609c153d

2023-01-23 15:06:00.949  INFO 2556 --- [    Test worker] o.s.s.web.DefaultSecurityFilterChain     : Creating filter chain: any request, [org.springframework.security.web.context.request.async.WebAsyncManagerIntegrationFilter@363a1a03, org.springframework.security.web.context.SecurityContextPersistenceFilter@34a8a412, org.springframework.security.web.header.HeaderWriterFilter@2edd2bde, org.springframework.security.web.authentication.logout.LogoutFilter@1f172f16, nl.tudelft.sem.template.order.authentication.JwtRequestFilter@175ddffd, org.springframework.security.web.savedrequest.RequestCacheAwareFilter@7c1c416d, org.springframework.security.web.servletapi.SecurityContextHolderAwareRequestFilter@3bd806eb, org.springframework.security.web.authentication.AnonymousAuthenticationFilter@71422c3f, org.springframework.security.web.session.SessionManagementFilter@6ac7f481, org.springframework.security.web.access.ExceptionTranslationFilter@71c73775, org.springframework.security.web.access.intercept.FilterSecurityInterceptor@1886b84c]
2023-01-23 15:06:00.971  INFO 2556 --- [    Test worker] o.s.b.t.m.w.SpringBootMockServletContext : Initializing Spring TestDispatcherServlet ''
2023-01-23 15:06:00.971  INFO 2556 --- [    Test worker] o.s.t.web.servlet.TestDispatcherServlet  : Initializing Servlet ''
2023-01-23 15:06:00.975  INFO 2556 --- [    Test worker] o.s.t.web.servlet.TestDispatcherServlet  : Completed initialization in 4 ms
2023-01-23 15:06:00.979  INFO 2556 --- [    Test worker] n.t.s.t.order.domain.PayOrderTests       : Started PayOrderTests in 0.606 seconds (JVM running for 24.069)
2023-01-23 15:06:00.986  INFO 2556 --- [    Test worker] o.s.s.concurrent.ThreadPoolTaskExecutor  : Shutting down ExecutorService 'applicationTaskExecutor'
2023-01-23 15:06:00.986  INFO 2556 --- [    Test worker] j.LocalContainerEntityManagerFactoryBean : Closing JPA EntityManagerFactory for persistence unit 'default'

  .   ____          _            __ _ _
 /\\ / ___'_ __ _ _(_)_ __  __ _ \ \ \ \
( ( )\___ | '_ | '_| | '_ \/ _` | \ \ \ \
 \\/  ___)| |_)| | | | | || (_| |  ) ) ) )
  '  |____| .__|_| |_|_| |_\__, | / / / /
 =========|_|==============|___/=/_/_/_/
 :: Spring Boot ::        (v2.3.5.RELEASE)

2023-01-23 15:06:01.017  INFO 2556 --- [    Test worker] n.t.s.t.order.domain.PayOrderTests       : Starting PayOrderTests on CodeKiller with PID 2556 (started by Bogdan in C:\Users\Bogdan\Desktop\TU Delft\University Work\Year 2\Software Engineering Methods\Project\SEM04a\order-microservice)
2023-01-23 15:06:01.017  INFO 2556 --- [    Test worker] n.t.s.t.order.domain.PayOrderTests       : The following profiles are active: mockAuthenticationManager,test
2023-01-23 15:06:01.124  INFO 2556 --- [    Test worker] .s.d.r.c.RepositoryConfigurationDelegate : Bootstrapping Spring Data JPA repositories in DEFAULT mode.
2023-01-23 15:06:01.143  INFO 2556 --- [    Test worker] .s.d.r.c.RepositoryConfigurationDelegate : Finished Spring Data repository scanning in 19ms. Found 4 JPA repository interfaces.
2023-01-23 15:06:01.225  INFO 2556 --- [    Test worker] o.hibernate.jpa.internal.util.LogHelper  : HHH000204: Processing PersistenceUnitInfo [name: default]
2023-01-23 15:06:01.230  INFO 2556 --- [    Test worker] org.hibernate.dialect.Dialect            : HHH000400: Using dialect: org.hibernate.dialect.H2Dialect
2023-01-23 15:06:01.237  WARN 2556 --- [    Test worker] o.h.t.d.java.JavaTypeDescriptorRegistry  : HHH000481: Encountered Java type [class nl.tudelft.sem.template.order.domain.order.OrderData] for which we could not locate a JavaTypeDescriptor and which does not appear to implement equals and/or hashCode.  This can lead to significant performance problems when performing equality/dirty checking involving this Java type.  Consider registering a custom JavaTypeDescriptor or at least implementing equals/hashCode.
2023-01-23 15:06:01.238  WARN 2556 --- [    Test worker] o.h.t.d.java.JavaTypeDescriptorRegistry  : HHH000481: Encountered Java type [interface nl.tudelft.sem.template.order.domain.coupon.PricingStrategy] for which we could not locate a JavaTypeDescriptor and which does not appear to implement equals and/or hashCode.  This can lead to significant performance problems when performing equality/dirty checking involving this Java type.  Consider registering a custom JavaTypeDescriptor or at least implementing equals/hashCode.
2023-01-23 15:06:01.257  INFO 2556 --- [    Test worker] o.h.e.t.j.p.i.JtaPlatformInitiator       : HHH000490: Using JtaPlatform implementation: [org.hibernate.engine.transaction.jta.platform.internal.NoJtaPlatform]
2023-01-23 15:06:01.257  INFO 2556 --- [    Test worker] j.LocalContainerEntityManagerFactoryBean : Initialized JPA EntityManagerFactory for persistence unit 'default'
2023-01-23 15:06:01.285  WARN 2556 --- [    Test worker] JpaBaseConfiguration$JpaWebConfiguration : spring.jpa.open-in-view is enabled by default. Therefore, database queries may be performed during view rendering. Explicitly configure spring.jpa.open-in-view to disable this warning
2023-01-23 15:06:01.420  INFO 2556 --- [    Test worker] o.s.s.concurrent.ThreadPoolTaskExecutor  : Initializing ExecutorService 'applicationTaskExecutor'
2023-01-23 15:06:01.430  INFO 2556 --- [    Test worker] o.s.b.a.h2.H2ConsoleAutoConfiguration    : H2 console available at '/h2-console'. Database available at 'jdbc:h2:mem:testdb'
2023-01-23 15:06:01.542  INFO 2556 --- [    Test worker] .s.s.UserDetailsServiceAutoConfiguration : 

Using generated security password: 99df7e03-b419-4783-b03e-7d1fffdf0f4a

2023-01-23 15:06:01.585  INFO 2556 --- [    Test worker] o.s.s.web.DefaultSecurityFilterChain     : Creating filter chain: any request, [org.springframework.security.web.context.request.async.WebAsyncManagerIntegrationFilter@158330c1, org.springframework.security.web.context.SecurityContextPersistenceFilter@5bd7ddd6, org.springframework.security.web.header.HeaderWriterFilter@5cd761b0, org.springframework.security.web.authentication.logout.LogoutFilter@5245b5e0, nl.tudelft.sem.template.order.authentication.JwtRequestFilter@2c4088c2, org.springframework.security.web.savedrequest.RequestCacheAwareFilter@69ecac91, org.springframework.security.web.servletapi.SecurityContextHolderAwareRequestFilter@e519afd, org.springframework.security.web.authentication.AnonymousAuthenticationFilter@2b49a11d, org.springframework.security.web.session.SessionManagementFilter@71191d12, org.springframework.security.web.access.ExceptionTranslationFilter@2a13034e, org.springframework.security.web.access.intercept.FilterSecurityInterceptor@7e579cda]
2023-01-23 15:06:01.610  INFO 2556 --- [    Test worker] o.s.b.t.m.w.SpringBootMockServletContext : Initializing Spring TestDispatcherServlet ''
2023-01-23 15:06:01.610  INFO 2556 --- [    Test worker] o.s.t.web.servlet.TestDispatcherServlet  : Initializing Servlet ''
2023-01-23 15:06:01.614  INFO 2556 --- [    Test worker] o.s.t.web.servlet.TestDispatcherServlet  : Completed initialization in 4 ms
2023-01-23 15:06:01.617  INFO 2556 --- [    Test worker] n.t.s.t.order.domain.PayOrderTests       : Started PayOrderTests in 0.63 seconds (JVM running for 24.709)
2023-01-23 15:06:01.624  INFO 2556 --- [    Test worker] o.s.s.concurrent.ThreadPoolTaskExecutor  : Shutting down ExecutorService 'applicationTaskExecutor'
2023-01-23 15:06:01.624  INFO 2556 --- [    Test worker] j.LocalContainerEntityManagerFactoryBean : Closing JPA EntityManagerFactory for persistence unit 'default'

  .   ____          _            __ _ _
 /\\ / ___'_ __ _ _(_)_ __  __ _ \ \ \ \
( ( )\___ | '_ | '_| | '_ \/ _` | \ \ \ \
 \\/  ___)| |_)| | | | | || (_| |  ) ) ) )
  '  |____| .__|_| |_|_| |_\__, | / / / /
 =========|_|==============|___/=/_/_/_/
 :: Spring Boot ::        (v2.3.5.RELEASE)

2023-01-23 15:06:01.656  INFO 2556 --- [    Test worker] n.t.s.t.order.domain.PayOrderTests       : Starting PayOrderTests on CodeKiller with PID 2556 (started by Bogdan in C:\Users\Bogdan\Desktop\TU Delft\University Work\Year 2\Software Engineering Methods\Project\SEM04a\order-microservice)
2023-01-23 15:06:01.656  INFO 2556 --- [    Test worker] n.t.s.t.order.domain.PayOrderTests       : The following profiles are active: mockAuthenticationManager,test
2023-01-23 15:06:01.761  INFO 2556 --- [    Test worker] .s.d.r.c.RepositoryConfigurationDelegate : Bootstrapping Spring Data JPA repositories in DEFAULT mode.
2023-01-23 15:06:01.784  INFO 2556 --- [    Test worker] .s.d.r.c.RepositoryConfigurationDelegate : Finished Spring Data repository scanning in 22ms. Found 4 JPA repository interfaces.
2023-01-23 15:06:01.864  INFO 2556 --- [    Test worker] o.hibernate.jpa.internal.util.LogHelper  : HHH000204: Processing PersistenceUnitInfo [name: default]
2023-01-23 15:06:01.869  INFO 2556 --- [    Test worker] org.hibernate.dialect.Dialect            : HHH000400: Using dialect: org.hibernate.dialect.H2Dialect
2023-01-23 15:06:01.875  WARN 2556 --- [    Test worker] o.h.t.d.java.JavaTypeDescriptorRegistry  : HHH000481: Encountered Java type [class nl.tudelft.sem.template.order.domain.order.OrderData] for which we could not locate a JavaTypeDescriptor and which does not appear to implement equals and/or hashCode.  This can lead to significant performance problems when performing equality/dirty checking involving this Java type.  Consider registering a custom JavaTypeDescriptor or at least implementing equals/hashCode.
2023-01-23 15:06:01.876  WARN 2556 --- [    Test worker] o.h.t.d.java.JavaTypeDescriptorRegistry  : HHH000481: Encountered Java type [interface nl.tudelft.sem.template.order.domain.coupon.PricingStrategy] for which we could not locate a JavaTypeDescriptor and which does not appear to implement equals and/or hashCode.  This can lead to significant performance problems when performing equality/dirty checking involving this Java type.  Consider registering a custom JavaTypeDescriptor or at least implementing equals/hashCode.
2023-01-23 15:06:01.895  INFO 2556 --- [    Test worker] o.h.e.t.j.p.i.JtaPlatformInitiator       : HHH000490: Using JtaPlatform implementation: [org.hibernate.engine.transaction.jta.platform.internal.NoJtaPlatform]
2023-01-23 15:06:01.895  INFO 2556 --- [    Test worker] j.LocalContainerEntityManagerFactoryBean : Initialized JPA EntityManagerFactory for persistence unit 'default'
2023-01-23 15:06:01.924  WARN 2556 --- [    Test worker] JpaBaseConfiguration$JpaWebConfiguration : spring.jpa.open-in-view is enabled by default. Therefore, database queries may be performed during view rendering. Explicitly configure spring.jpa.open-in-view to disable this warning
2023-01-23 15:06:02.050  INFO 2556 --- [    Test worker] o.s.s.concurrent.ThreadPoolTaskExecutor  : Initializing ExecutorService 'applicationTaskExecutor'
2023-01-23 15:06:02.059  INFO 2556 --- [    Test worker] o.s.b.a.h2.H2ConsoleAutoConfiguration    : H2 console available at '/h2-console'. Database available at 'jdbc:h2:mem:testdb'
2023-01-23 15:06:02.153  INFO 2556 --- [    Test worker] .s.s.UserDetailsServiceAutoConfiguration : 

Using generated security password: 1af76f2d-8426-4517-be3e-59b783066734

2023-01-23 15:06:02.194  INFO 2556 --- [    Test worker] o.s.s.web.DefaultSecurityFilterChain     : Creating filter chain: any request, [org.springframework.security.web.context.request.async.WebAsyncManagerIntegrationFilter@1e306f66, org.springframework.security.web.context.SecurityContextPersistenceFilter@cd7dee8, org.springframework.security.web.header.HeaderWriterFilter@4e23ec20, org.springframework.security.web.authentication.logout.LogoutFilter@59eac843, nl.tudelft.sem.template.order.authentication.JwtRequestFilter@29c5c161, org.springframework.security.web.savedrequest.RequestCacheAwareFilter@794ac775, org.springframework.security.web.servletapi.SecurityContextHolderAwareRequestFilter@28d97690, org.springframework.security.web.authentication.AnonymousAuthenticationFilter@11498e93, org.springframework.security.web.session.SessionManagementFilter@5af3223b, org.springframework.security.web.access.ExceptionTranslationFilter@b2fd8e7, org.springframework.security.web.access.intercept.FilterSecurityInterceptor@25a31013]
2023-01-23 15:06:02.219  INFO 2556 --- [    Test worker] o.s.b.t.m.w.SpringBootMockServletContext : Initializing Spring TestDispatcherServlet ''
2023-01-23 15:06:02.219  INFO 2556 --- [    Test worker] o.s.t.web.servlet.TestDispatcherServlet  : Initializing Servlet ''
2023-01-23 15:06:02.223  INFO 2556 --- [    Test worker] o.s.t.web.servlet.TestDispatcherServlet  : Completed initialization in 4 ms
2023-01-23 15:06:02.226  INFO 2556 --- [    Test worker] n.t.s.t.order.domain.PayOrderTests       : Started PayOrderTests in 0.599 seconds (JVM running for 25.316)
2023-01-23 15:06:02.231  INFO 2556 --- [    Test worker] o.s.s.concurrent.ThreadPoolTaskExecutor  : Shutting down ExecutorService 'applicationTaskExecutor'
2023-01-23 15:06:02.231  INFO 2556 --- [    Test worker] j.LocalContainerEntityManagerFactoryBean : Closing JPA EntityManagerFactory for persistence unit 'default'

  .   ____          _            __ _ _
 /\\ / ___'_ __ _ _(_)_ __  __ _ \ \ \ \
( ( )\___ | '_ | '_| | '_ \/ _` | \ \ \ \
 \\/  ___)| |_)| | | | | || (_| |  ) ) ) )
  '  |____| .__|_| |_|_| |_\__, | / / / /
 =========|_|==============|___/=/_/_/_/
 :: Spring Boot ::        (v2.3.5.RELEASE)

2023-01-23 15:06:02.263  INFO 2556 --- [    Test worker] n.t.s.t.order.domain.PayOrderTests       : Starting PayOrderTests on CodeKiller with PID 2556 (started by Bogdan in C:\Users\Bogdan\Desktop\TU Delft\University Work\Year 2\Software Engineering Methods\Project\SEM04a\order-microservice)
2023-01-23 15:06:02.264  INFO 2556 --- [    Test worker] n.t.s.t.order.domain.PayOrderTests       : The following profiles are active: mockAuthenticationManager,test
2023-01-23 15:06:02.378  INFO 2556 --- [    Test worker] .s.d.r.c.RepositoryConfigurationDelegate : Bootstrapping Spring Data JPA repositories in DEFAULT mode.
2023-01-23 15:06:02.399  INFO 2556 --- [    Test worker] .s.d.r.c.RepositoryConfigurationDelegate : Finished Spring Data repository scanning in 20ms. Found 4 JPA repository interfaces.
2023-01-23 15:06:02.485  INFO 2556 --- [    Test worker] o.hibernate.jpa.internal.util.LogHelper  : HHH000204: Processing PersistenceUnitInfo [name: default]
2023-01-23 15:06:02.491  INFO 2556 --- [    Test worker] org.hibernate.dialect.Dialect            : HHH000400: Using dialect: org.hibernate.dialect.H2Dialect
2023-01-23 15:06:02.497  WARN 2556 --- [    Test worker] o.h.t.d.java.JavaTypeDescriptorRegistry  : HHH000481: Encountered Java type [class nl.tudelft.sem.template.order.domain.order.OrderData] for which we could not locate a JavaTypeDescriptor and which does not appear to implement equals and/or hashCode.  This can lead to significant performance problems when performing equality/dirty checking involving this Java type.  Consider registering a custom JavaTypeDescriptor or at least implementing equals/hashCode.
2023-01-23 15:06:02.498  WARN 2556 --- [    Test worker] o.h.t.d.java.JavaTypeDescriptorRegistry  : HHH000481: Encountered Java type [interface nl.tudelft.sem.template.order.domain.coupon.PricingStrategy] for which we could not locate a JavaTypeDescriptor and which does not appear to implement equals and/or hashCode.  This can lead to significant performance problems when performing equality/dirty checking involving this Java type.  Consider registering a custom JavaTypeDescriptor or at least implementing equals/hashCode.
2023-01-23 15:06:02.517  INFO 2556 --- [    Test worker] o.h.e.t.j.p.i.JtaPlatformInitiator       : HHH000490: Using JtaPlatform implementation: [org.hibernate.engine.transaction.jta.platform.internal.NoJtaPlatform]
2023-01-23 15:06:02.517  INFO 2556 --- [    Test worker] j.LocalContainerEntityManagerFactoryBean : Initialized JPA EntityManagerFactory for persistence unit 'default'
2023-01-23 15:06:02.550  WARN 2556 --- [    Test worker] JpaBaseConfiguration$JpaWebConfiguration : spring.jpa.open-in-view is enabled by default. Therefore, database queries may be performed during view rendering. Explicitly configure spring.jpa.open-in-view to disable this warning
2023-01-23 15:06:02.683  INFO 2556 --- [    Test worker] o.s.s.concurrent.ThreadPoolTaskExecutor  : Initializing ExecutorService 'applicationTaskExecutor'
2023-01-23 15:06:02.690  INFO 2556 --- [    Test worker] o.s.b.a.h2.H2ConsoleAutoConfiguration    : H2 console available at '/h2-console'. Database available at 'jdbc:h2:mem:testdb'
2023-01-23 15:06:02.793  INFO 2556 --- [    Test worker] .s.s.UserDetailsServiceAutoConfiguration : 

Using generated security password: 150e4b5f-ef32-450f-b5ec-97b82c8e606f

2023-01-23 15:06:02.833  INFO 2556 --- [    Test worker] o.s.s.web.DefaultSecurityFilterChain     : Creating filter chain: any request, [org.springframework.security.web.context.request.async.WebAsyncManagerIntegrationFilter@538d4716, org.springframework.security.web.context.SecurityContextPersistenceFilter@748722bb, org.springframework.security.web.header.HeaderWriterFilter@2601dca0, org.springframework.security.web.authentication.logout.LogoutFilter@55ee6976, nl.tudelft.sem.template.order.authentication.JwtRequestFilter@7f4f26af, org.springframework.security.web.savedrequest.RequestCacheAwareFilter@486e2733, org.springframework.security.web.servletapi.SecurityContextHolderAwareRequestFilter@60a21642, org.springframework.security.web.authentication.AnonymousAuthenticationFilter@67ca72ba, org.springframework.security.web.session.SessionManagementFilter@42f74394, org.springframework.security.web.access.ExceptionTranslationFilter@3a7fe56, org.springframework.security.web.access.intercept.FilterSecurityInterceptor@5a9ddc78]
2023-01-23 15:06:02.859  INFO 2556 --- [    Test worker] o.s.b.t.m.w.SpringBootMockServletContext : Initializing Spring TestDispatcherServlet ''
2023-01-23 15:06:02.859  INFO 2556 --- [    Test worker] o.s.t.web.servlet.TestDispatcherServlet  : Initializing Servlet ''
2023-01-23 15:06:02.866  INFO 2556 --- [    Test worker] o.s.t.web.servlet.TestDispatcherServlet  : Completed initialization in 7 ms
2023-01-23 15:06:02.869  INFO 2556 --- [    Test worker] n.t.s.t.order.domain.PayOrderTests       : Started PayOrderTests in 0.636 seconds (JVM running for 25.961)
]]></system-out>
  <system-err><![CDATA[]]></system-err>
</testsuite>
