<?xml version="1.0" encoding="UTF-8"?>
<testsuite name="nl.tudelft.sem.template.order.simpleClasses.StoreTest" tests="4" skipped="0" failures="0" errors="0" timestamp="2023-01-23T14:06:22" hostname="CODEKILLER" time="0.0">
  <properties/>
  <testcase name="testToString()" classname="nl.tudelft.sem.template.order.simpleClasses.StoreTest" time="0.0"/>
  <testcase name="testHashCode()" classname="nl.tudelft.sem.template.order.simpleClasses.StoreTest" time="0.0"/>
  <testcase name="testEquals()" classname="nl.tudelft.sem.template.order.simpleClasses.StoreTest" time="0.0"/>
  <testcase name="getStoreName()" classname="nl.tudelft.sem.template.order.simpleClasses.StoreTest" time="0.0"/>
  <system-out><![CDATA[]]></system-out>
  <system-err><![CDATA[]]></system-err>
</testsuite>
